Release 14.7 - xst P.20131013 (nt64)
Copyright (c) 1995-2013 Xilinx, Inc.  All rights reserved.
--> Parameter TMPDIR set to xst/projnav.tmp


Total REAL time to Xst completion: 0.00 secs
Total CPU time to Xst completion: 0.17 secs
 
--> Parameter xsthdpdir set to xst


Total REAL time to Xst completion: 0.00 secs
Total CPU time to Xst completion: 0.17 secs
 
--> Reading design: Add_3.prj

TABLE OF CONTENTS
  1) Synthesis Options Summary
  2) HDL Compilation
  3) Design Hierarchy Analysis
  4) HDL Analysis
  5) HDL Synthesis
     5.1) HDL Synthesis Report
  6) Advanced HDL Synthesis
     6.1) Advanced HDL Synthesis Report
  7) Low Level Synthesis
  8) Partition Report
  9) Final Report
	9.1) Device utilization summary
	9.2) Partition Resource Summary
	9.3) TIMING REPORT


=========================================================================
*                      Synthesis Options Summary                        *
=========================================================================
---- Source Parameters
Input File Name                    : "Add_3.prj"
Input Format                       : mixed
Ignore Synthesis Constraint File   : NO

---- Target Parameters
Output File Name                   : "Add_3"
Output Format                      : NGC
Target Device                      : xc3s100e-4-cp132

---- Source Options
Top Module Name                    : Add_3
Automatic FSM Extraction           : YES
FSM Encoding Algorithm             : Auto
Safe Implementation                : No
FSM Style                          : LUT
RAM Extraction                     : Yes
RAM Style                          : Auto
ROM Extraction                     : Yes
Mux Style                          : Auto
Decoder Extraction                 : YES
Priority Encoder Extraction        : Yes
Shift Register Extraction          : YES
Logical Shifter Extraction         : YES
XOR Collapsing                     : YES
ROM Style                          : Auto
Mux Extraction                     : Yes
Resource Sharing                   : YES
Asynchronous To Synchronous        : NO
Multiplier Style                   : Auto
Automatic Register Balancing       : No

---- Target Options
Add IO Buffers                     : YES
Global Maximum Fanout              : 100000
Add Generic Clock Buffer(BUFG)     : 24
Register Duplication               : YES
Slice Packing                      : YES
Optimize Instantiated Primitives   : NO
Use Clock Enable                   : Yes
Use Synchronous Set                : Yes
Use Synchronous Reset              : Yes
Pack IO Registers into IOBs        : Auto
Equivalent register Removal        : YES

---- General Options
Optimization Goal                  : Speed
Optimization Effort                : 1
Keep Hierarchy                     : No
Netlist Hierarchy                  : As_Optimized
RTL Output                         : Yes
Global Optimization                : AllClockNets
Read Cores                         : YES
Write Timing Constraints           : NO
Cross Clock Analysis               : NO
Hierarchy Separator                : /
Bus Delimiter                      : <>
Case Specifier                     : Maintain
Slice Utilization Ratio            : 100
BRAM Utilization Ratio             : 100
Verilog 2001                       : YES
Auto BRAM Packing                  : NO
Slice Utilization Ratio Delta      : 5

=========================================================================


=========================================================================
*                          HDL Compilation                              *
=========================================================================
Compiling vhdl file "G:/New folder/Final_nano/Lab9_10/Add_3.vhf" in Library work.
Architecture behavioral of Entity ha_muser_add_3 is up to date.
Architecture behavioral of Entity fa_muser_add_3 is up to date.
Architecture behavioral of Entity add_3 is up to date.
Compiling vhdl file "G:/New folder/Final_nano/Lab9_10/FA.vhf" in Library work.
Architecture behavioral of Entity ha_muser_fa is up to date.
Architecture behavioral of Entity fa is up to date.
Compiling vhdl file "G:/New folder/Final_nano/Lab9_10/HA.vhf" in Library work.
Architecture behavioral of Entity ha is up to date.

=========================================================================
*                     Design Hierarchy Analysis                         *
=========================================================================
Analyzing hierarchy for entity <Add_3> in library <work> (architecture <behavioral>).

Analyzing hierarchy for entity <FA_MUSER_Add_3> in library <work> (architecture <behavioral>).

Analyzing hierarchy for entity <HA_MUSER_Add_3> in library <work> (architecture <behavioral>).


=========================================================================
*                            HDL Analysis                               *
=========================================================================
Analyzing Entity <Add_3> in library <work> (Architecture <behavioral>).
Entity <Add_3> analyzed. Unit <Add_3> generated.

Analyzing Entity <FA_MUSER_Add_3> in library <work> (Architecture <behavioral>).
Entity <FA_MUSER_Add_3> analyzed. Unit <FA_MUSER_Add_3> generated.

Analyzing Entity <HA_MUSER_Add_3> in library <work> (Architecture <behavioral>).
Entity <HA_MUSER_Add_3> analyzed. Unit <HA_MUSER_Add_3> generated.


=========================================================================
*                           HDL Synthesis                               *
=========================================================================

Performing bidirectional port resolution...

Synthesizing Unit <HA_MUSER_Add_3>.
    Related source file is "G:/New folder/Final_nano/Lab9_10/Add_3.vhf".
Unit <HA_MUSER_Add_3> synthesized.


Synthesizing Unit <FA_MUSER_Add_3>.
    Related source file is "G:/New folder/Final_nano/Lab9_10/Add_3.vhf".
Unit <FA_MUSER_Add_3> synthesized.


Synthesizing Unit <Add_3>.
    Related source file is "G:/New folder/Final_nano/Lab9_10/Add_3.vhf".
Unit <Add_3> synthesized.


=========================================================================
HDL Synthesis Report

Found no macro
=========================================================================

=========================================================================
*                       Advanced HDL Synthesis                          *
=========================================================================


=========================================================================
Advanced HDL Synthesis Report

Found no macro
=========================================================================

=========================================================================
*                         Low Level Synthesis                           *
=========================================================================

Optimizing unit <Add_3> ...

Mapping all equations...
Building and optimizing final netlist ...
Found area constraint ratio of 100 (+ 5) on block Add_3, actual ratio is 0.

Final Macro Processing ...

=========================================================================
Final Register Report

Found no macro
=========================================================================

=========================================================================
*                           Partition Report                            *
=========================================================================

Partition Implementation Status
-------------------------------

  No Partitions were found in this design.

-------------------------------

=========================================================================
*                            Final Report                               *
=========================================================================
Final Results
RTL Top Level Output File Name     : Add_3.ngr
Top Level Output File Name         : Add_3
Output Format                      : NGC
Optimization Goal                  : Speed
Keep Hierarchy                     : No

Design Statistics
# IOs                              : 7

Cell Usage :
# BELS                             : 17
#      AND2                        : 6
#      GND                         : 1
#      INV                         : 1
#      OR2                         : 3
#      XOR2                        : 6
# IO Buffers                       : 7
#      IBUF                        : 3
#      OBUF                        : 4
=========================================================================

Device utilization summary:
---------------------------

Selected Device : 3s100ecp132-4 

 Number of Slices:                        1  out of    960     0%  
 Number of 4 input LUTs:                  1  out of   1920     0%  
 Number of IOs:                           7
 Number of bonded IOBs:                   7  out of     83     8%  

---------------------------
Partition Resource Summary:
---------------------------

  No Partitions were found in this design.

---------------------------


=========================================================================
TIMING REPORT

NOTE: THESE TIMING NUMBERS ARE ONLY A SYNTHESIS ESTIMATE.
      FOR ACCURATE TIMING INFORMATION PLEASE REFER TO THE TRACE REPORT
      GENERATED AFTER PLACE-and-ROUTE.

Clock Information:
------------------
No clock signals found in this design

Asynchronous Control Signals Information:
----------------------------------------
No asynchronous control signals found in this design

Timing Summary:
---------------
Speed Grade: -4

   Minimum period: No path found
   Minimum input arrival time before clock: No path found
   Maximum output required time after clock: No path found
   Maximum combinational path delay: 12.886ns

Timing Detail:
--------------
All values displayed in nanoseconds (ns)

=========================================================================
Timing constraint: Default path analysis
  Total number of paths / destination ports: 15 / 4
-------------------------------------------------------------------------
Delay:               12.886ns (Levels of Logic = 9)
  Source:            A<0> (PAD)
  Destination:       C_Out (PAD)

  Data Path: A<0> to C_Out
                                Gate     Net
    Cell:in->out      fanout   Delay   Delay  Logical Name (Net Name)
    ----------------------------------------  ------------
     IBUF:I->O             2   1.218   0.447  A_0_IBUF (A_0_IBUF)
     XOR2:I1->O            2   0.704   0.447  XLXI_1/XLXI_1/XLXI_1 (XLXI_1/XLXN_2)
     AND2:I1->O            1   0.704   0.420  XLXI_1/XLXI_4/XLXI_3 (XLXI_1/XLXN_6)
     OR2:I0->O             2   0.704   0.447  XLXI_1/XLXI_5 (XLXN_3)
     AND2:I0->O            1   0.704   0.420  XLXI_2/XLXI_4/XLXI_3 (XLXI_2/XLXN_6)
     OR2:I0->O             2   0.704   0.447  XLXI_2/XLXI_5 (XLXN_5)
     AND2:I0->O            1   0.704   0.420  XLXI_3/XLXI_4/XLXI_3 (XLXI_3/XLXN_6)
     OR2:I0->O             1   0.704   0.420  XLXI_3/XLXI_5 (C_Out_OBUF)
     OBUF:I->O                 3.272          C_Out_OBUF (C_Out)
    ----------------------------------------
    Total                     12.886ns (9.418ns logic, 3.468ns route)
                                       (73.1% logic, 26.9% route)

=========================================================================


Total REAL time to Xst completion: 7.00 secs
Total CPU time to Xst completion: 7.07 secs
 
--> 

Total memory usage is 310960 kilobytes

Number of errors   :    0 (   0 filtered)
Number of warnings :    0 (   0 filtered)
Number of infos    :    0 (   0 filtered)

