--------------------------------------------------------------------------------
Release 14.7 Trace  (nt64)
Copyright (c) 1995-2013 Xilinx, Inc.  All rights reserved.

C:\Xilinx\14.7\ISE_DS\ISE\bin\nt64\unwrapped\trce.exe -intstyle ise -v 3 -s 4
-n 3 -fastpaths -xml AddSubUnit.twx AddSubUnit.ncd -o AddSubUnit.twr
AddSubUnit.pcf

Design file:              AddSubUnit.ncd
Physical constraint file: AddSubUnit.pcf
Device,package,speed:     xc3s100e,cp132,-4 (PRODUCTION 1.27 2013-10-13)
Report level:             verbose report

Environment Variable      Effect 
--------------------      ------ 
NONE                      No environment variables were set
--------------------------------------------------------------------------------

INFO:Timing:2698 - No timing constraints found, doing default enumeration.
INFO:Timing:3412 - To improve timing, see the Timing Closure User Guide (UG612).
INFO:Timing:2752 - To get complete path coverage, use the unconstrained paths 
   option. All paths that are not constrained will be reported in the 
   unconstrained paths section(s) of the report.
INFO:Timing:3339 - The clock-to-out numbers in this timing report are based on 
   a 50 Ohm transmission line loading model.  For the details of this model, 
   and for more information on accounting for different loading conditions, 
   please see the device datasheet.
INFO:Timing:3390 - This architecture does not support a default System Jitter 
   value, please add SYSTEM_JITTER constraint to the UCF to modify the Clock 
   Uncertainty calculation.
INFO:Timing:3389 - This architecture does not support 'Discrete Jitter' and 
   'Phase Error' calculations, these terms will be zero in the Clock 
   Uncertainty calculation.  Please make appropriate modification to 
   SYSTEM_JITTER to account for the unsupported Discrete Jitter and Phase 
   Error.



Data Sheet report:
-----------------
All values displayed in nanoseconds (ns)

Pad to Pad
---------------+---------------+---------+
Source Pad     |Destination Pad|  Delay  |
---------------+---------------+---------+
A<0>           |S<0>           |    6.171|
A<0>           |S<1>           |    7.861|
A<0>           |S<2>           |    8.455|
A<0>           |S<3>           |    9.364|
A<0>           |c_out          |    9.758|
A<1>           |S<1>           |    6.882|
A<1>           |S<2>           |    7.658|
A<1>           |S<3>           |    8.567|
A<1>           |c_out          |    8.961|
A<2>           |S<2>           |    6.539|
A<2>           |S<3>           |    7.448|
A<2>           |c_out          |    7.842|
A<3>           |S<3>           |    6.636|
A<3>           |c_out          |    6.961|
B<0>           |S<0>           |    6.508|
B<0>           |S<1>           |    8.112|
B<0>           |S<2>           |    8.706|
B<0>           |S<3>           |    9.615|
B<0>           |c_out          |   10.009|
B<1>           |S<1>           |    6.776|
B<1>           |S<2>           |    7.497|
B<1>           |S<3>           |    8.406|
B<1>           |c_out          |    8.800|
B<2>           |S<2>           |    6.987|
B<2>           |S<3>           |    7.896|
B<2>           |c_out          |    8.290|
B<3>           |S<3>           |    7.253|
B<3>           |c_out          |    7.767|
C              |S<1>           |    7.858|
C              |S<2>           |    8.452|
C              |S<3>           |    9.361|
C              |c_out          |    9.755|
---------------+---------------+---------+


Analysis completed Mon Dec 12 20:52:39 2016 
--------------------------------------------------------------------------------

Trace Settings:
-------------------------
Trace Settings 

Peak Memory Usage: 159 MB



