Release 14.7 - xst P.20131013 (nt64)
Copyright (c) 1995-2013 Xilinx, Inc.  All rights reserved.
--> Parameter TMPDIR set to xst/projnav.tmp


Total REAL time to Xst completion: 0.00 secs
Total CPU time to Xst completion: 0.10 secs
 
--> Parameter xsthdpdir set to xst


Total REAL time to Xst completion: 0.00 secs
Total CPU time to Xst completion: 0.10 secs
 
--> Reading design: Instruction_Decoder.prj

TABLE OF CONTENTS
  1) Synthesis Options Summary
  2) HDL Compilation
  3) Design Hierarchy Analysis
  4) HDL Analysis
  5) HDL Synthesis
     5.1) HDL Synthesis Report
  6) Advanced HDL Synthesis
     6.1) Advanced HDL Synthesis Report
  7) Low Level Synthesis
  8) Partition Report
  9) Final Report
	9.1) Device utilization summary
	9.2) Partition Resource Summary
	9.3) TIMING REPORT


=========================================================================
*                      Synthesis Options Summary                        *
=========================================================================
---- Source Parameters
Input File Name                    : "Instruction_Decoder.prj"
Input Format                       : mixed
Ignore Synthesis Constraint File   : NO

---- Target Parameters
Output File Name                   : "Instruction_Decoder"
Output Format                      : NGC
Target Device                      : xc3s100e-4-cp132

---- Source Options
Top Module Name                    : Instruction_Decoder
Automatic FSM Extraction           : YES
FSM Encoding Algorithm             : Auto
Safe Implementation                : No
FSM Style                          : LUT
RAM Extraction                     : Yes
RAM Style                          : Auto
ROM Extraction                     : Yes
Mux Style                          : Auto
Decoder Extraction                 : YES
Priority Encoder Extraction        : Yes
Shift Register Extraction          : YES
Logical Shifter Extraction         : YES
XOR Collapsing                     : YES
ROM Style                          : Auto
Mux Extraction                     : Yes
Resource Sharing                   : YES
Asynchronous To Synchronous        : NO
Multiplier Style                   : Auto
Automatic Register Balancing       : No

---- Target Options
Add IO Buffers                     : YES
Global Maximum Fanout              : 100000
Add Generic Clock Buffer(BUFG)     : 24
Register Duplication               : YES
Slice Packing                      : YES
Optimize Instantiated Primitives   : NO
Use Clock Enable                   : Yes
Use Synchronous Set                : Yes
Use Synchronous Reset              : Yes
Pack IO Registers into IOBs        : Auto
Equivalent register Removal        : YES

---- General Options
Optimization Goal                  : Speed
Optimization Effort                : 1
Keep Hierarchy                     : No
Netlist Hierarchy                  : As_Optimized
RTL Output                         : Yes
Global Optimization                : AllClockNets
Read Cores                         : YES
Write Timing Constraints           : NO
Cross Clock Analysis               : NO
Hierarchy Separator                : /
Bus Delimiter                      : <>
Case Specifier                     : Maintain
Slice Utilization Ratio            : 100
BRAM Utilization Ratio             : 100
Verilog 2001                       : YES
Auto BRAM Packing                  : NO
Slice Utilization Ratio Delta      : 5

=========================================================================


=========================================================================
*                          HDL Compilation                              *
=========================================================================
Compiling vhdl file "C:/Users/SachinKahawala/Desktop/Desk/Lab9_10/Instruction_Decoder.vhf" in Library work.
Entity <in_out_connector_muser_instruction_decoder> compiled.
Entity <in_out_connector_muser_instruction_decoder> (Architecture <behavioral>) compiled.
Entity <bit4_connector_muser_instruction_decoder> compiled.
Entity <bit4_connector_muser_instruction_decoder> (Architecture <behavioral>) compiled.
Entity <and6_mxilinx_instruction_decoder> compiled.
Entity <and6_mxilinx_instruction_decoder> (Architecture <behavioral>) compiled.
Entity <jump_reg_muser_instruction_decoder> compiled.
Entity <jump_reg_muser_instruction_decoder> (Architecture <behavioral>) compiled.
Entity <add_sub_select_muser_instruction_decoder> compiled.
Entity <add_sub_select_muser_instruction_decoder> (Architecture <behavioral>) compiled.
Entity <load_select_muser_instruction_decoder> compiled.
Entity <load_select_muser_instruction_decoder> (Architecture <behavioral>) compiled.
Entity <decoder_in_muser_instruction_decoder> compiled.
Entity <decoder_in_muser_instruction_decoder> (Architecture <behavioral>) compiled.
Entity <instruction_decoder> compiled.
Entity <instruction_decoder> (Architecture <behavioral>) compiled.
Compiling vhdl file "C:/Users/SachinKahawala/Desktop/Desk/Lab9_10/Add_Sub_Select.vhf" in Library work.
Architecture behavioral of Entity add_sub_select is up to date.
Compiling vhdl file "C:/Users/SachinKahawala/Desktop/Desk/Lab9_10/Bit4_Connector.vhf" in Library work.
Architecture behavioral of Entity bit4_connector is up to date.
Compiling vhdl file "C:/Users/SachinKahawala/Desktop/Desk/Lab9_10/Decoder_In.vhf" in Library work.
Architecture behavioral of Entity decoder_in is up to date.
Compiling vhdl file "C:/Users/SachinKahawala/Desktop/Desk/Lab9_10/In_Out_Connector.vhf" in Library work.
Architecture behavioral of Entity in_out_connector is up to date.
Compiling vhdl file "C:/Users/SachinKahawala/Desktop/Desk/Lab9_10/Jump_Reg.vhf" in Library work.
Architecture behavioral of Entity and6_mxilinx_jump_reg is up to date.
Architecture behavioral of Entity jump_reg is up to date.
Compiling vhdl file "C:/Users/SachinKahawala/Desktop/Desk/Lab9_10/Load_Select.vhf" in Library work.
Architecture behavioral of Entity load_select is up to date.

=========================================================================
*                     Design Hierarchy Analysis                         *
=========================================================================
Analyzing hierarchy for entity <Instruction_Decoder> in library <work> (architecture <behavioral>).

Analyzing hierarchy for entity <Decoder_In_MUSER_Instruction_Decoder> in library <work> (architecture <behavioral>).

Analyzing hierarchy for entity <Load_Select_MUSER_Instruction_Decoder> in library <work> (architecture <behavioral>).

Analyzing hierarchy for entity <Add_Sub_Select_MUSER_Instruction_Decoder> in library <work> (architecture <behavioral>).

Analyzing hierarchy for entity <Jump_Reg_MUSER_Instruction_Decoder> in library <work> (architecture <behavioral>).

Analyzing hierarchy for entity <In_Out_Connector_MUSER_Instruction_Decoder> in library <work> (architecture <behavioral>).

Analyzing hierarchy for entity <Bit4_Connector_MUSER_Instruction_Decoder> in library <work> (architecture <behavioral>).

Analyzing hierarchy for entity <AND6_MXILINX_Instruction_Decoder> in library <work> (architecture <behavioral>).


=========================================================================
*                            HDL Analysis                               *
=========================================================================
Analyzing Entity <Instruction_Decoder> in library <work> (Architecture <behavioral>).
Entity <Instruction_Decoder> analyzed. Unit <Instruction_Decoder> generated.

Analyzing Entity <Decoder_In_MUSER_Instruction_Decoder> in library <work> (Architecture <behavioral>).
Entity <Decoder_In_MUSER_Instruction_Decoder> analyzed. Unit <Decoder_In_MUSER_Instruction_Decoder> generated.

Analyzing Entity <Load_Select_MUSER_Instruction_Decoder> in library <work> (Architecture <behavioral>).
Entity <Load_Select_MUSER_Instruction_Decoder> analyzed. Unit <Load_Select_MUSER_Instruction_Decoder> generated.

Analyzing Entity <Add_Sub_Select_MUSER_Instruction_Decoder> in library <work> (Architecture <behavioral>).
Entity <Add_Sub_Select_MUSER_Instruction_Decoder> analyzed. Unit <Add_Sub_Select_MUSER_Instruction_Decoder> generated.

Analyzing Entity <Jump_Reg_MUSER_Instruction_Decoder> in library <work> (Architecture <behavioral>).
    Set user-defined property "HU_SET =  XLXI_1_0" for instance <XLXI_1> in unit <Jump_Reg_MUSER_Instruction_Decoder>.
Entity <Jump_Reg_MUSER_Instruction_Decoder> analyzed. Unit <Jump_Reg_MUSER_Instruction_Decoder> generated.

Analyzing Entity <AND6_MXILINX_Instruction_Decoder> in library <work> (Architecture <behavioral>).
    Set user-defined property "RLOC =  X0Y0" for instance <I_36_93> in unit <AND6_MXILINX_Instruction_Decoder>.
    Set user-defined property "RLOC =  X0Y0" for instance <I_36_94> in unit <AND6_MXILINX_Instruction_Decoder>.
Entity <AND6_MXILINX_Instruction_Decoder> analyzed. Unit <AND6_MXILINX_Instruction_Decoder> generated.

Analyzing Entity <In_Out_Connector_MUSER_Instruction_Decoder> in library <work> (Architecture <behavioral>).
Entity <In_Out_Connector_MUSER_Instruction_Decoder> analyzed. Unit <In_Out_Connector_MUSER_Instruction_Decoder> generated.

Analyzing Entity <Bit4_Connector_MUSER_Instruction_Decoder> in library <work> (Architecture <behavioral>).
Entity <Bit4_Connector_MUSER_Instruction_Decoder> analyzed. Unit <Bit4_Connector_MUSER_Instruction_Decoder> generated.


=========================================================================
*                           HDL Synthesis                               *
=========================================================================

Performing bidirectional port resolution...

Synthesizing Unit <Decoder_In_MUSER_Instruction_Decoder>.
    Related source file is "C:/Users/SachinKahawala/Desktop/Desk/Lab9_10/Instruction_Decoder.vhf".
Unit <Decoder_In_MUSER_Instruction_Decoder> synthesized.


Synthesizing Unit <Load_Select_MUSER_Instruction_Decoder>.
    Related source file is "C:/Users/SachinKahawala/Desktop/Desk/Lab9_10/Instruction_Decoder.vhf".
Unit <Load_Select_MUSER_Instruction_Decoder> synthesized.


Synthesizing Unit <Add_Sub_Select_MUSER_Instruction_Decoder>.
    Related source file is "C:/Users/SachinKahawala/Desktop/Desk/Lab9_10/Instruction_Decoder.vhf".
Unit <Add_Sub_Select_MUSER_Instruction_Decoder> synthesized.


Synthesizing Unit <In_Out_Connector_MUSER_Instruction_Decoder>.
    Related source file is "C:/Users/SachinKahawala/Desktop/Desk/Lab9_10/Instruction_Decoder.vhf".
Unit <In_Out_Connector_MUSER_Instruction_Decoder> synthesized.


Synthesizing Unit <Bit4_Connector_MUSER_Instruction_Decoder>.
    Related source file is "C:/Users/SachinKahawala/Desktop/Desk/Lab9_10/Instruction_Decoder.vhf".
Unit <Bit4_Connector_MUSER_Instruction_Decoder> synthesized.


Synthesizing Unit <AND6_MXILINX_Instruction_Decoder>.
    Related source file is "C:/Users/SachinKahawala/Desktop/Desk/Lab9_10/Instruction_Decoder.vhf".
WARNING:Xst:653 - Signal <dummy> is used but never assigned. This sourceless signal will be automatically connected to value 0.
Unit <AND6_MXILINX_Instruction_Decoder> synthesized.


Synthesizing Unit <Jump_Reg_MUSER_Instruction_Decoder>.
    Related source file is "C:/Users/SachinKahawala/Desktop/Desk/Lab9_10/Instruction_Decoder.vhf".
Unit <Jump_Reg_MUSER_Instruction_Decoder> synthesized.


Synthesizing Unit <Instruction_Decoder>.
    Related source file is "C:/Users/SachinKahawala/Desktop/Desk/Lab9_10/Instruction_Decoder.vhf".
Unit <Instruction_Decoder> synthesized.


=========================================================================
HDL Synthesis Report

Found no macro
=========================================================================

=========================================================================
*                       Advanced HDL Synthesis                          *
=========================================================================


=========================================================================
Advanced HDL Synthesis Report

Found no macro
=========================================================================

=========================================================================
*                         Low Level Synthesis                           *
=========================================================================

Optimizing unit <Instruction_Decoder> ...

Optimizing unit <Decoder_In_MUSER_Instruction_Decoder> ...

Optimizing unit <AND6_MXILINX_Instruction_Decoder> ...

Mapping all equations...
Building and optimizing final netlist ...
Found area constraint ratio of 100 (+ 5) on block Instruction_Decoder, actual ratio is 0.

Final Macro Processing ...

=========================================================================
Final Register Report

Found no macro
=========================================================================

=========================================================================
*                           Partition Report                            *
=========================================================================

Partition Implementation Status
-------------------------------

  No Partitions were found in this design.

-------------------------------

=========================================================================
*                            Final Report                               *
=========================================================================
Final Results
RTL Top Level Output File Name     : Instruction_Decoder.ngr
Top Level Output File Name         : Instruction_Decoder
Output Format                      : NGC
Optimization Goal                  : Speed
Keep Hierarchy                     : No

Design Statistics
# IOs                              : 36

Cell Usage :
# BELS                             : 39
#      AND2                        : 14
#      AND3                        : 1
#      AND4                        : 1
#      BUF                         : 16
#      GND                         : 1
#      INV                         : 6
# IO Buffers                       : 36
#      IBUF                        : 17
#      OBUF                        : 19
# Others                           : 2
#      FMAP                        : 2
=========================================================================

Device utilization summary:
---------------------------

Selected Device : 3s100ecp132-4 

 Number of Slices:                        3  out of    960     0%  
 Number of 4 input LUTs:                  6  out of   1920     0%  
 Number of IOs:                          36
 Number of bonded IOBs:                  36  out of     83    43%  

---------------------------
Partition Resource Summary:
---------------------------

  No Partitions were found in this design.

---------------------------


=========================================================================
TIMING REPORT

NOTE: THESE TIMING NUMBERS ARE ONLY A SYNTHESIS ESTIMATE.
      FOR ACCURATE TIMING INFORMATION PLEASE REFER TO THE TRACE REPORT
      GENERATED AFTER PLACE-and-ROUTE.

Clock Information:
------------------
No clock signals found in this design

Asynchronous Control Signals Information:
----------------------------------------
No asynchronous control signals found in this design

Timing Summary:
---------------
Speed Grade: -4

   Minimum period: No path found
   Minimum input arrival time before clock: No path found
   Maximum output required time after clock: No path found
   Maximum combinational path delay: 8.934ns

Timing Detail:
--------------
All values displayed in nanoseconds (ns)

=========================================================================
Timing constraint: Default path analysis
  Total number of paths / destination ports: 48 / 19
-------------------------------------------------------------------------
Delay:               8.934ns (Levels of Logic = 5)
  Source:            CLK (PAD)
  Destination:       Sub (PAD)

  Data Path: CLK to Sub
                                Gate     Net
    Cell:in->out      fanout   Delay   Delay  Logical Name (Net Name)
    ----------------------------------------  ------------
     IBUF:I->O            12   1.218   0.961  CLK_IBUF (CLK_IBUF)
     AND2:I0->O            3   0.704   0.531  XLXI_1/XLXI_1 (B<11>)
     INV:I->O              1   0.704   0.420  XLXI_5/XLXI_2 (XLXI_5/XLXN_1)
     AND2:I1->O            1   0.704   0.420  XLXI_5/XLXI_1 (Sub_OBUF)
     OBUF:I->O                 3.272          Sub_OBUF (Sub)
    ----------------------------------------
    Total                      8.934ns (6.602ns logic, 2.332ns route)
                                       (73.9% logic, 26.1% route)

=========================================================================


Total REAL time to Xst completion: 6.00 secs
Total CPU time to Xst completion: 5.51 secs
 
--> 

Total memory usage is 327576 kilobytes

Number of errors   :    0 (   0 filtered)
Number of warnings :    1 (   0 filtered)
Number of infos    :    0 (   0 filtered)

