--------------------------------------------------------------------------------
Release 14.7 Trace  (nt64)
Copyright (c) 1995-2013 Xilinx, Inc.  All rights reserved.

C:\Xilinx\14.7\ISE_DS\ISE\bin\nt64\unwrapped\trce.exe -intstyle ise -v 3 -s 4
-n 3 -fastpaths -xml Instruction_Decoder.twx Instruction_Decoder.ncd -o
Instruction_Decoder.twr Instruction_Decoder.pcf

Design file:              Instruction_Decoder.ncd
Physical constraint file: Instruction_Decoder.pcf
Device,package,speed:     xc3s100e,cp132,-4 (PRODUCTION 1.27 2013-10-13)
Report level:             verbose report

Environment Variable      Effect 
--------------------      ------ 
NONE                      No environment variables were set
--------------------------------------------------------------------------------

INFO:Timing:2698 - No timing constraints found, doing default enumeration.
INFO:Timing:3412 - To improve timing, see the Timing Closure User Guide (UG612).
INFO:Timing:2752 - To get complete path coverage, use the unconstrained paths 
   option. All paths that are not constrained will be reported in the 
   unconstrained paths section(s) of the report.
INFO:Timing:3339 - The clock-to-out numbers in this timing report are based on 
   a 50 Ohm transmission line loading model.  For the details of this model, 
   and for more information on accounting for different loading conditions, 
   please see the device datasheet.
INFO:Timing:3390 - This architecture does not support a default System Jitter 
   value, please add SYSTEM_JITTER constraint to the UCF to modify the Clock 
   Uncertainty calculation.
INFO:Timing:3389 - This architecture does not support 'Discrete Jitter' and 
   'Phase Error' calculations, these terms will be zero in the Clock 
   Uncertainty calculation.  Please make appropriate modification to 
   SYSTEM_JITTER to account for the unsupported Discrete Jitter and Phase 
   Error.



Data Sheet report:
-----------------
All values displayed in nanoseconds (ns)

Pad to Pad
---------------+---------------+---------+
Source Pad     |Destination Pad|  Delay  |
---------------+---------------+---------+
CLK            |JMP            |    8.942|
CLK            |JMP_C<0>       |    8.475|
CLK            |JMP_C<1>       |    8.945|
CLK            |JMP_C<2>       |    8.592|
CLK            |LD             |    6.554|
CLK            |MOV<0>         |    9.003|
CLK            |MOV<1>         |    8.945|
CLK            |MOV<2>         |    8.592|
CLK            |MOV<3>         |    8.518|
CLK            |Mux_A<0>       |    8.861|
CLK            |Mux_A<1>       |    9.081|
CLK            |Mux_A<2>       |    8.101|
CLK            |Mux_B<0>       |    7.126|
CLK            |Mux_B<1>       |    7.309|
CLK            |Mux_B<2>       |    8.978|
CLK            |Reg_EN<0>      |    8.853|
CLK            |Reg_EN<1>      |    8.449|
CLK            |Reg_EN<2>      |    8.101|
CLK            |Sub            |    6.869|
Inst<0>        |JMP_C<0>       |    6.332|
Inst<0>        |MOV<0>         |    6.860|
Inst<1>        |JMP_C<1>       |    6.802|
Inst<1>        |MOV<1>         |    6.802|
Inst<2>        |JMP_C<2>       |    6.455|
Inst<2>        |MOV<2>         |    6.455|
Inst<3>        |MOV<3>         |    6.469|
Inst<4>        |Mux_B<0>       |    6.848|
Inst<5>        |Mux_B<1>       |    5.929|
Inst<6>        |Mux_B<2>       |    6.310|
Inst<7>        |Mux_A<0>       |    6.929|
Inst<7>        |Reg_EN<0>      |    6.921|
Inst<8>        |Mux_A<1>       |    6.941|
Inst<8>        |Reg_EN<1>      |    6.309|
Inst<9>        |Mux_A<2>       |    6.626|
Inst<9>        |Reg_EN<2>      |    6.626|
Inst<10>       |JMP            |    8.114|
Inst<10>       |LD             |    6.535|
Inst<10>       |Sub            |    6.888|
Inst<11>       |JMP            |    8.298|
Inst<11>       |LD             |    6.019|
Inst<11>       |Sub            |    6.307|
Reg<0>         |JMP            |    6.431|
Reg<1>         |JMP            |    7.207|
Reg<2>         |JMP            |    7.397|
Reg<3>         |JMP            |    7.552|
---------------+---------------+---------+


Analysis completed Thu Dec 08 11:32:04 2016 
--------------------------------------------------------------------------------

Trace Settings:
-------------------------
Trace Settings 

Peak Memory Usage: 159 MB



