Release 14.7 Map P.20131013 (nt64)
Xilinx Mapping Report File for Design 'NanoSevenSeg'

Design Information
------------------
Command Line   : map -intstyle ise -p xc3s100e-cp132-4 -cm area -ir off -pr off
-c 100 -o NanoSevenSeg_map.ncd NanoSevenSeg.ngd NanoSevenSeg.pcf 
Target Device  : xc3s100e
Target Package : cp132
Target Speed   : -4
Mapper Version : spartan3e -- $Revision: 1.55 $
Mapped Date    : Thu Dec 15 00:24:10 2016

Design Summary
--------------
Number of errors   :   1
Number of warnings :   3

Section 1 - Errors
------------------
ERROR:Pack:198 - NCD was not produced.  All logic was removed from the design. 
   This is usually due to having no input or output PAD connections in the
   design and no nets or symbols marked as 'SAVE'.  You can either add PADs or
   'SAVE' attributes to the design, or run 'map -u' to disable logic trimming in
   the mapper.  For more information on trimming issues search the Xilinx
   Answers database for "ERROR:Pack:198" and read the Master Answer Record for
   MAP Trimming Issues.

Section 2 - Warnings
--------------------
WARNING:MapLib:701 - Signal CLK connected to top level port CLK has been
   removed.
WARNING:MapLib:701 - Signal CLR connected to top level port CLR has been
   removed.
WARNING:MapLib:701 - Signal CLR1 connected to top level port CLR1 has been
   removed.

Section 3 - Informational
-------------------------
INFO:MapLib:562 - No environment variables are currently set.

Section 4 - Removed Logic Summary
---------------------------------
 426 block(s) removed
 408 signal(s) removed

Section 5 - Removed Logic
-------------------------

The trimmed logic report below shows the logic removed from your design due to
sourceless or loadless signals, and VCC or ground connections.  If the removal
of a signal or symbol results in the subsequent removal of an additional signal
or symbol, the message explaining that second removal will be indented.  This
indentation will be repeated as a chain of related logic is removed.

To quickly locate the original cause for the removal of a chain of logic, look
above the place where that logic is listed in the trimming report, then locate
the lines that are least indented (begin at the leftmost edge).

Loadless block "XLXI_1/XLXI_30/XLXI_3/XLXI_5" (OR) removed.
 The signal "XLXI_1/XLXI_30/XLXI_3/XLXN_6" is loadless and has been removed.
  Loadless block "XLXI_1/XLXI_30/XLXI_3/XLXI_4/XLXI_3" (AND) removed.
   The signal "XLXI_1/XLXI_30/XLXN_5" is loadless and has been removed.
    Loadless block "XLXI_1/XLXI_30/XLXI_2/XLXI_5" (OR) removed.
     The signal "XLXI_1/XLXI_30/XLXI_2/XLXN_6" is loadless and has been removed.
      Loadless block "XLXI_1/XLXI_30/XLXI_2/XLXI_4/XLXI_3" (AND) removed.
       The signal "XLXI_1/XLXI_30/XLXN_3" is loadless and has been removed.
        Loadless block "XLXI_1/XLXI_30/XLXI_1/XLXI_5" (OR) removed.
         The signal "XLXI_1/XLXI_30/XLXI_1/XLXN_6" is loadless and has been removed.
          Loadless block "XLXI_1/XLXI_30/XLXI_1/XLXI_4/XLXI_3" (AND) removed.
           The signal "N0" is loadless and has been removed.
            Loadless block "XST_GND" (ZERO) removed.
           The signal "XLXI_1/XLXI_30/XLXI_1/XLXN_2" is loadless and has been removed.
            Loadless block "XLXI_1/XLXI_30/XLXI_1/XLXI_1/XLXI_1" (XOR) removed.
             The signal "XLXI_1/XLXI_30/XLXN_17" is loadless and has been removed.
              Loadless block "XLXI_1/XLXI_30/XLXI_15" (BUF) removed.
             The signal "XLXI_1/count<0>" is loadless and has been removed.
              Loadless block "XLXI_1/XLXI_28/XLXI_3" (FF) removed.
               The signal "CLK_IBUF" is loadless and has been removed.
                Loadless block "CLK_IBUF_BUFG" (CKBUF) removed.
                 The signal "CLK_IBUF1" is loadless and has been removed.
                  Loadless block "CLK_IBUF" (BUF) removed.
                   The signal "CLK" is loadless and has been removed.
                    Loadless block "CLK" (PAD) removed.
               The signal "CLR1_IBUF" is loadless and has been removed.
                Loadless block "CLR1_IBUF" (BUF) removed.
                 The signal "CLR1" is loadless and has been removed.
                  Loadless block "CLR1" (PAD) removed.
               The signal "XLXI_1/muxout_40<0>" is loadless and has been removed.
                Loadless block "XLXI_1/XLXI_3/XLXI_1/XLXI_3" (OR) removed.
                 The signal "XLXI_1/XLXI_3/XLXI_1/XLXN_6" is loadless and has been removed.
                  Loadless block "XLXI_1/XLXI_3/XLXI_1/XLXI_2" (AND) removed.
                   The signal "XLXI_1/muxb<0>" is loadless and has been removed.
                    Loadless block "XLXI_1/XLXI_1/XLXI_13/XLXI_4" (BUF) removed.
                     The signal "XLXI_1/XLXI_1/B<0>" is loadless and has been removed.
                      Loadless block "XLXI_1/XLXI_1/XLXI_1/XLXI_12" (AND) removed.
                       The signal "XLXI_1/XLXN_53" is loadless and has been removed.
                        Loadless block "XLXI_1/XLXI_31" (BUF) removed.
                       The signal "XLXI_1/instruction<0>" is loadless and has been removed.
                        Loadless block "XLXI_1/XLXI_13/XLXI_7" (ROM) removed.
                         The signal "XLXI_1/count<1>" is loadless and has been removed.
                          Loadless block "XLXI_1/XLXI_28/XLXI_2" (FF) removed.
                           The signal "XLXI_1/muxout_40<1>" is loadless and has been removed.
                            Loadless block "XLXI_1/XLXI_3/XLXI_2/XLXI_3" (OR) removed.
                             The signal "XLXI_1/XLXI_3/XLXI_2/XLXN_6" is loadless and has been removed.
                              Loadless block "XLXI_1/XLXI_3/XLXI_2/XLXI_2" (AND) removed.
                               The signal "XLXI_1/muxb<1>" is loadless and has been removed.
                                Loadless block "XLXI_1/XLXI_1/XLXI_13/XLXI_2" (BUF) removed.
                                 The signal "XLXI_1/XLXI_1/B<1>" is loadless and has been removed.
                                  Loadless block "XLXI_1/XLXI_1/XLXI_1/XLXI_11" (AND) removed.
                                   The signal "XLXI_1/instruction<1>" is loadless and has been removed.
                                    Loadless block "XLXI_1/XLXI_13/XLXI_8" (ROM) removed.
                                     The signal "XLXI_1/count<2>" is loadless and has been removed.
                                      Loadless block "XLXI_1/XLXI_28/XLXI_1" (FF) removed.
                                       The signal "XLXI_1/muxout_40<2>" is loadless and has been removed.
                                        Loadless block "XLXI_1/XLXI_3/XLXI_3/XLXI_3" (OR) removed.
                                         The signal "XLXI_1/XLXI_3/XLXI_3/XLXN_6" is loadless and has been removed.
                                          Loadless block "XLXI_1/XLXI_3/XLXI_3/XLXI_2" (AND) removed.
                                           The signal "XLXI_1/muxb<2>" is loadless and has been removed.
                                            Loadless block "XLXI_1/XLXI_1/XLXI_13/XLXI_1" (BUF) removed.
                                             The signal "XLXI_1/XLXI_1/B<2>" is loadless and has been removed.
                                              Loadless block "XLXI_1/XLXI_1/XLXI_1/XLXI_10" (AND) removed.
                                               The signal "XLXI_1/instruction<2>" is loadless and has been removed.
                                                Loadless block "XLXI_1/XLXI_13/XLXI_9" (ROM) removed.
                                           The signal "XLXI_1/XLXN_32" is loadless and has been removed.
                                            Loadless block "XLXI_1/XLXI_1/XLXI_7/XLXI_1/I_36_85" (AND) removed.
                                             The signal "XLXI_1/XLXI_1/B<10>" is loadless and has been removed.
                                              Loadless block "XLXI_1/XLXI_1/XLXI_1/XLXI_2" (AND) removed.
                                               The signal "XLXI_1/instruction<10>" is loadless and has been removed.
                                                Loadless block "XLXI_1/XLXI_13/XLXI_2" (ROM) removed.
                                             The signal "XLXI_1/XLXI_1/B<11>" is loadless and has been removed.
                                              Loadless block "XLXI_1/XLXI_1/XLXI_1/XLXI_1" (AND) removed.
                                               The signal "XLXI_1/instruction<11>" is loadless and has been removed.
                                                Loadless block "XLXI_1/XLXI_13/XLXI_1" (ROM) removed.
                                             The signal "XLXI_1/XLXI_1/XLXI_7/XLXN_9" is loadless and has been removed.
                                              Loadless block "XLXI_1/XLXI_1/XLXI_7/XLXI_6" (BUF) removed.
                                               The signal "XLXI_1/addsubB<0>" is loadless and has been removed.
                                                Loadless block "XLXI_1/XLXI_5/XLXI_7/XLXI_11/I_36_94" (OR) removed.
                                                 The signal "XLXI_1/XLXI_5/XLXI_7/XLXI_11/S0" is loadless and has been removed.
*Loadless block "XLXI_1/XLXI_5/XLXI_7/XLXI_11/I_36_112" (OR) removed.
* The signal "XLXI_1/XLXI_5/XLXI_7/XLXN_30" is loadless and has been removed.
*  Loadless block "XLXI_1/XLXI_5/XLXI_7/XLXI_9" (AND) removed.
*   The signal "XLXI_1/E7_DUMMY<0>" is loadless and has been removed.
*    Loadless block "XLXI_1/XLXI_12/XLXI_17/XLXI_1" (FF) removed.
*     The signal "XLXI_1/XLXI_12/XLXN_8" is loadless and has been removed.
*      Loadless block "XLXI_1/XLXI_12/XLXI_26" (AND) removed.
*       The signal "XLXI_1/XLXI_12/XLXN_19" is loadless and has been removed.
*        Loadless block "XLXI_1/XLXI_12/XLXI_18/XLXI_2/XLXI_10" (AND) removed.
*         The signal "XLXI_1/XLXI_12/XLXI_18/XLXN_31" is loadless and has been removed.
*          Loadless block "XLXI_1/XLXI_12/XLXI_18/XLXI_5" (AND) removed.
*           The signal "XLXI_1/regEN<2>" is loadless and has been removed.
*            Loadless block "XLXI_1/XLXI_1/XLXI_8/XLXI_1" (BUF) removed.
*             The signal "XLXI_1/XLXI_1/B<9>" is loadless and has been removed.
*              Loadless block "XLXI_1/XLXI_1/XLXI_1/XLXI_3" (AND) removed.
*               The signal "XLXI_1/instruction<9>" is loadless and has been removed.
*                Loadless block "XLXI_1/XLXI_13/XLXI_3" (ROM) removed.
*         The signal "XLXI_1/regEN<1>" is loadless and has been removed.
*          Loadless block "XLXI_1/XLXI_1/XLXI_8/XLXI_2" (BUF) removed.
*           The signal "XLXI_1/XLXI_1/B<8>" is loadless and has been removed.
*            Loadless block "XLXI_1/XLXI_1/XLXI_1/XLXI_4" (AND) removed.
*             The signal "XLXI_1/instruction<8>" is loadless and has been removed.
*              Loadless block "XLXI_1/XLXI_13/XLXI_4" (ROM) removed.
*         The signal "XLXI_1/regEN<0>" is loadless and has been removed.
*          Loadless block "XLXI_1/XLXI_1/XLXI_8/XLXI_4" (BUF) removed.
*           The signal "XLXI_1/XLXI_1/B<7>" is loadless and has been removed.
*            Loadless block "XLXI_1/XLXI_1/XLXI_1/XLXI_5" (AND) removed.
*             The signal "XLXI_1/instruction<7>" is loadless and has been removed.
*              Loadless block "XLXI_1/XLXI_13/XLXI_5" (ROM) removed.
*     The signal "CLR_IBUF" is loadless and has been removed.
*      Loadless block "CLR_IBUF" (BUF) removed.
*       The signal "CLR" is loadless and has been removed.
*        Loadless block "CLR" (PAD) removed.
*     The signal "XLXI_1/XLXN_22<0>" is loadless and has been removed.
*      Loadless block "XLXI_1/XLXI_2/XLXI_1/XLXI_3" (OR) removed.
*       The signal "XLXI_1/XLXI_2/XLXI_1/XLXN_6" is loadless and has been removed.
*        Loadless block "XLXI_1/XLXI_2/XLXI_1/XLXI_2" (AND) removed.
*         The signal "XLXI_1/XLXN_24<0>" is loadless and has been removed.
*          Loadless block "XLXI_1/XLXI_1/XLXI_11/XLXI_5" (BUF) removed.
*         The signal "XLXI_1/XLXN_28" is loadless and has been removed.
*          Loadless block "XLXI_1/XLXI_1/XLXI_4/XLXI_1" (AND) removed.
*           The signal "XLXI_1/XLXI_1/XLXI_4/XLXN_1" is loadless and has been removed.
*            Loadless block "XLXI_1/XLXI_1/XLXI_4/XLXI_2" (BUF) removed.
*       The signal "XLXI_1/XLXI_2/XLXI_1/XLXN_5" is loadless and has been removed.
*        Loadless block "XLXI_1/XLXI_2/XLXI_1/XLXI_1" (AND) removed.
*         The signal "XLXI_1/XLXI_2/XLXI_1/XLXN_1" is loadless and has been removed.
*          Loadless block "XLXI_1/XLXI_2/XLXI_1/XLXI_4" (BUF) removed.
*         The signal "XLXI_1/addsubout<0>" is loadless and has been removed.
*          Loadless block "XLXI_1/XLXI_7/XLXI_4/XLXI_4/XLXI_1" (XOR) removed.
*           The signal "XLXI_1/s" is loadless and has been removed.
*            Loadless block "XLXI_1/XLXI_1/XLXI_5/XLXI_1" (AND) removed.
*             The signal "XLXI_1/XLXI_1/XLXI_5/XLXN_1" is loadless and has been removed.
*              Loadless block "XLXI_1/XLXI_1/XLXI_5/XLXI_2" (BUF) removed.
*           The signal "XLXI_1/XLXI_7/XLXI_4/XLXN_2" is loadless and has been removed.
*            Loadless block "XLXI_1/XLXI_7/XLXI_4/XLXI_1/XLXI_1" (XOR) removed.
*             The signal "XLXI_1/XLXI_7/XLXN_4" is loadless and has been removed.
*              Loadless block "XLXI_1/XLXI_7/XLXI_8" (XOR) removed.
*             The signal "XLXI_1/addsubA<0>" is loadless and has been removed.
*              Loadless block "XLXI_1/XLXI_6/XLXI_7/XLXI_11/I_36_94" (OR) removed.
*               The signal "XLXI_1/XLXI_6/XLXI_7/XLXI_11/S0" is loadless and has been removed.
*                Loadless block "XLXI_1/XLXI_6/XLXI_7/XLXI_11/I_36_112" (OR) removed.
*                 The signal "XLXI_1/XLXI_6/XLXI_7/XLXN_30" is loadless and has been removed.
*                  Loadless block "XLXI_1/XLXI_6/XLXI_7/XLXI_9" (AND) removed.
*                   The signal "XLXI_1/XLXI_6/XLXI_7/XLXN_6" is loadless and has been removed.
*                    Loadless block "XLXI_1/XLXI_6/XLXI_7/XLXI_1/XLXI_2/XLXI_10" (AND) removed.
*                     The signal "XLXI_1/XLXI_6/XLXI_7/XLXI_1/XLXN_31" is loadless and has been
removed.
*                      Loadless block "XLXI_1/XLXI_6/XLXI_7/XLXI_1/XLXI_5" (AND) removed.
*                       The signal "XLXI_1/Mb<2>" is loadless and has been removed.
*                        Loadless block "XLXI_1/XLXI_1/XLXI_10/XLXI_1" (BUF) removed.
*                         The signal "XLXI_1/XLXI_1/B<6>" is loadless and has been removed.
*                          Loadless block "XLXI_1/XLXI_1/XLXI_1/XLXI_6" (AND) removed.
*                           The signal "XLXI_1/instruction<6>" is loadless and has been removed.
*                            Loadless block "XLXI_1/XLXI_13/XLXI_6" (ROM) removed.
*                       The signal "XLXI_1/XLXI_6/XLXN_93" is loadless and has been removed.
*                        Loadless block "XLXI_1/XLXI_6/XLXI_18" (BUF) removed.
*                     The signal "XLXI_1/Mb<1>" is loadless and has been removed.
*                      Loadless block "XLXI_1/XLXI_1/XLXI_10/XLXI_2" (BUF) removed.
*                       The signal "XLXI_1/XLXI_1/B<5>" is loadless and has been removed.
*                        Loadless block "XLXI_1/XLXI_1/XLXI_1/XLXI_7" (AND) removed.
*                         The signal "XLXI_1/instruction<5>" is loadless and has been removed.
*                          Loadless block "XLXI_1/XLXI_13/XLXI_12" (ROM) removed.
*                     The signal "XLXI_1/Mb<0>" is loadless and has been removed.
*                      Loadless block "XLXI_1/XLXI_1/XLXI_10/XLXI_4" (BUF) removed.
*                       The signal "XLXI_1/XLXI_1/B<4>" is loadless and has been removed.
*                        Loadless block "XLXI_1/XLXI_1/XLXI_1/XLXI_8" (AND) removed.
*                         The signal "XLXI_1/instruction<4>" is loadless and has been removed.
*                          Loadless block "XLXI_1/XLXI_13/XLXI_11" (ROM) removed.
*                 The signal "XLXI_1/XLXI_6/XLXI_7/XLXN_29" is loadless and has been removed.
*                  Loadless block "XLXI_1/XLXI_6/XLXI_7/XLXI_8" (AND) removed.
*                   The signal "XLXI_1/E6_DUMMY<0>" is loadless and has been removed.
*                    Loadless block "XLXI_1/XLXI_12/XLXI_16/XLXI_1" (FF) removed.
*                     The signal "XLXI_1/XLXI_12/XLXN_7" is loadless and has been removed.
*                      Loadless block "XLXI_1/XLXI_12/XLXI_25" (AND) removed.
*                       The signal "XLXI_1/XLXI_12/XLXN_20" is loadless and has been removed.
*                        Loadless block "XLXI_1/XLXI_12/XLXI_18/XLXI_2/XLXI_9" (AND) removed.
*                         The signal "XLXI_1/XLXI_12/XLXI_18/XLXI_2/XLXN_8" is loadless and has been
removed.
*                          Loadless block "XLXI_1/XLXI_12/XLXI_18/XLXI_2/XLXI_1" (BUF) removed.
*                   The signal "XLXI_1/XLXI_6/XLXI_7/XLXN_7" is loadless and has been removed.
*                    Loadless block "XLXI_1/XLXI_6/XLXI_7/XLXI_1/XLXI_2/XLXI_9" (AND) removed.
*                     The signal "XLXI_1/XLXI_6/XLXI_7/XLXI_1/XLXI_2/XLXN_8" is loadless and has been
removed.
*                      Loadless block "XLXI_1/XLXI_6/XLXI_7/XLXI_1/XLXI_2/XLXI_1" (BUF) removed.
*                 The signal "XLXI_1/XLXI_6/XLXI_7/XLXN_28" is loadless and has been removed.
*                  Loadless block "XLXI_1/XLXI_6/XLXI_7/XLXI_7" (AND) removed.
*                   The signal "XLXI_1/E5_DUMMY<0>" is loadless and has been removed.
*                    Loadless block "XLXI_1/XLXI_12/XLXI_15/XLXI_1" (FF) removed.
*                     The signal "XLXI_1/XLXI_12/XLXN_6" is loadless and has been removed.
*                      Loadless block "XLXI_1/XLXI_12/XLXI_24" (AND) removed.
*                       The signal "XLXI_1/XLXI_12/XLXN_21" is loadless and has been removed.
*                        Loadless block "XLXI_1/XLXI_12/XLXI_18/XLXI_2/XLXI_8" (AND) removed.
*                         The signal "XLXI_1/XLXI_12/XLXI_18/XLXI_2/XLXN_4" is loadless and has been
removed.
*                          Loadless block "XLXI_1/XLXI_12/XLXI_18/XLXI_2/XLXI_2" (BUF) removed.
*                   The signal "XLXI_1/XLXI_6/XLXI_7/XLXN_8" is loadless and has been removed.
*                    Loadless block "XLXI_1/XLXI_6/XLXI_7/XLXI_1/XLXI_2/XLXI_8" (AND) removed.
*                     The signal "XLXI_1/XLXI_6/XLXI_7/XLXI_1/XLXI_2/XLXN_4" is loadless and has been
removed.
*                      Loadless block "XLXI_1/XLXI_6/XLXI_7/XLXI_1/XLXI_2/XLXI_2" (BUF) removed.
*                 The signal "XLXI_1/XLXI_6/XLXI_7/XLXN_27" is loadless and has been removed.
*                  Loadless block "XLXI_1/XLXI_6/XLXI_7/XLXI_6" (AND) removed.
*                   The signal "XLXI_1/E4_DUMMY<0>" is loadless and has been removed.
*                    Loadless block "XLXI_1/XLXI_12/XLXI_14/XLXI_1" (FF) removed.
*                     The signal "XLXI_1/XLXI_12/XLXN_5" is loadless and has been removed.
*                      Loadless block "XLXI_1/XLXI_12/XLXI_23" (AND) removed.
*                       The signal "XLXI_1/XLXI_12/XLXN_17" is loadless and has been removed.
*                        Loadless block "XLXI_1/XLXI_12/XLXI_18/XLXI_2/XLXI_7" (AND) removed.
*                   The signal "XLXI_1/XLXI_6/XLXI_7/XLXN_9" is loadless and has been removed.
*                    Loadless block "XLXI_1/XLXI_6/XLXI_7/XLXI_1/XLXI_2/XLXI_7" (AND) removed.
*               The signal "XLXI_1/XLXI_6/XLXI_7/XLXI_11/S1" is loadless and has been removed.
*                Loadless block "XLXI_1/XLXI_6/XLXI_7/XLXI_11/I_36_95" (OR) removed.
*                 The signal "XLXI_1/XLXI_6/XLXI_7/XLXN_26" is loadless and has been removed.
*                  Loadless block "XLXI_1/XLXI_6/XLXI_7/XLXI_5" (AND) removed.
*                   The signal "XLXN_4<0>" is loadless and has been removed.
*                    Loadless block "XLXI_1/XLXI_12/XLXI_13/XLXI_1" (FF) removed.
*                     The signal "XLXI_1/XLXI_12/XLXN_4" is loadless and has been removed.
*                      Loadless block "XLXI_1/XLXI_12/XLXI_22" (AND) removed.
*                       The signal "XLXI_1/XLXI_12/XLXN_16" is loadless and has been removed.
*                        Loadless block "XLXI_1/XLXI_12/XLXI_18/XLXI_1/XLXI_10" (AND) removed.
*                         The signal "XLXI_1/XLXI_12/XLXI_18/XLXN_30" is loadless and has been removed.
*                          Loadless block "XLXI_1/XLXI_12/XLXI_18/XLXI_4" (AND) removed.
*                           The signal "XLXI_1/XLXI_12/XLXI_18/XLXN_17" is loadless and has been removed.
*                            Loadless block "XLXI_1/XLXI_12/XLXI_18/XLXI_3" (BUF) removed.
*                   The signal "XLXI_1/XLXI_6/XLXI_7/XLXN_10" is loadless and has been removed.
*                    Loadless block "XLXI_1/XLXI_6/XLXI_7/XLXI_1/XLXI_1/XLXI_10" (AND) removed.
*                     The signal "XLXI_1/XLXI_6/XLXI_7/XLXI_1/XLXN_30" is loadless and has been
removed.
*                      Loadless block "XLXI_1/XLXI_6/XLXI_7/XLXI_1/XLXI_4" (AND) removed.
*                       The signal "XLXI_1/XLXI_6/XLXI_7/XLXI_1/XLXN_17" is loadless and has been
removed.
*                        Loadless block "XLXI_1/XLXI_6/XLXI_7/XLXI_1/XLXI_3" (BUF) removed.
*                 The signal "XLXI_1/XLXI_6/XLXI_7/XLXN_25" is loadless and has been removed.
*                  Loadless block "XLXI_1/XLXI_6/XLXI_7/XLXI_4" (AND) removed.
*                   The signal "XLXN_3<0>" is loadless and has been removed.
*                    Loadless block "XLXI_1/XLXI_12/XLXI_12/XLXI_1" (FF) removed.
*                     The signal "XLXI_1/XLXI_12/XLXN_3" is loadless and has been removed.
*                      Loadless block "XLXI_1/XLXI_12/XLXI_21" (AND) removed.
*                       The signal "XLXI_1/XLXI_12/XLXN_11" is loadless and has been removed.
*                        Loadless block "XLXI_1/XLXI_12/XLXI_18/XLXI_1/XLXI_9" (AND) removed.
*                         The signal "XLXI_1/XLXI_12/XLXI_18/XLXI_1/XLXN_8" is loadless and has been
removed.
*                          Loadless block "XLXI_1/XLXI_12/XLXI_18/XLXI_1/XLXI_1" (BUF) removed.
*                   The signal "XLXI_1/XLXI_6/XLXI_7/XLXN_11" is loadless and has been removed.
*                    Loadless block "XLXI_1/XLXI_6/XLXI_7/XLXI_1/XLXI_1/XLXI_9" (AND) removed.
*                     The signal "XLXI_1/XLXI_6/XLXI_7/XLXI_1/XLXI_1/XLXN_8" is loadless and has been
removed.
*                      Loadless block "XLXI_1/XLXI_6/XLXI_7/XLXI_1/XLXI_1/XLXI_1" (BUF) removed.
*                 The signal "XLXI_1/XLXI_6/XLXI_7/XLXN_24" is loadless and has been removed.
*                  Loadless block "XLXI_1/XLXI_6/XLXI_7/XLXI_3" (AND) removed.
*                   The signal "XLXN_2<0>" is loadless and has been removed.
*                    Loadless block "XLXI_1/XLXI_12/XLXI_11/XLXI_1" (FF) removed.
*                     The signal "XLXI_1/XLXI_12/XLXN_2" is loadless and has been removed.
*                      Loadless block "XLXI_1/XLXI_12/XLXI_20" (AND) removed.
*                       The signal "XLXI_1/XLXI_12/XLXN_10" is loadless and has been removed.
*                        Loadless block "XLXI_1/XLXI_12/XLXI_18/XLXI_1/XLXI_8" (AND) removed.
*                         The signal "XLXI_1/XLXI_12/XLXI_18/XLXI_1/XLXN_4" is loadless and has been
removed.
*                          Loadless block "XLXI_1/XLXI_12/XLXI_18/XLXI_1/XLXI_2" (BUF) removed.
*                   The signal "XLXI_1/XLXI_6/XLXI_7/XLXN_12" is loadless and has been removed.
*                    Loadless block "XLXI_1/XLXI_6/XLXI_7/XLXI_1/XLXI_1/XLXI_8" (AND) removed.
*                     The signal "XLXI_1/XLXI_6/XLXI_7/XLXI_1/XLXI_1/XLXN_4" is loadless and has been
removed.
*                      Loadless block "XLXI_1/XLXI_6/XLXI_7/XLXI_1/XLXI_1/XLXI_2" (BUF) removed.
*                 The signal "XLXI_1/XLXI_6/XLXI_7/XLXN_23" is loadless and has been removed.
*                  Loadless block "XLXI_1/XLXI_6/XLXI_7/XLXI_2" (AND) removed.
*                   The signal "XLXN_1<0>" is loadless and has been removed.
*                    Loadless block "XLXI_1/XLXI_12/XLXI_10/XLXI_1" (FF) removed.
*                     The signal "XLXI_1/XLXI_12/XLXN_1" is loadless and has been removed.
*                      Loadless block "XLXI_1/XLXI_12/XLXI_19" (AND) removed.
*                       The signal "XLXI_1/XLXI_12/XLXN_9" is loadless and has been removed.
*                        Loadless block "XLXI_1/XLXI_12/XLXI_18/XLXI_1/XLXI_7" (AND) removed.
*                   The signal "XLXI_1/XLXI_6/XLXI_7/XLXN_2" is loadless and has been removed.
*                    Loadless block "XLXI_1/XLXI_6/XLXI_7/XLXI_1/XLXI_1/XLXI_7" (AND) removed.
*   The signal "XLXI_1/XLXI_5/XLXI_7/XLXN_6" is loadless and has been removed.
*    Loadless block "XLXI_1/XLXI_5/XLXI_7/XLXI_1/XLXI_2/XLXI_10" (AND) removed.
*     The signal "XLXI_1/XLXI_5/XLXI_7/XLXI_1/XLXN_31" is loadless and has been
removed.
*      Loadless block "XLXI_1/XLXI_5/XLXI_7/XLXI_1/XLXI_5" (AND) removed.
*       The signal "XLXI_1/Ma<2>" is loadless and has been removed.
*        Loadless block "XLXI_1/XLXI_1/XLXI_9/XLXI_1" (BUF) removed.
*       The signal "XLXI_1/XLXI_5/XLXN_93" is loadless and has been removed.
*        Loadless block "XLXI_1/XLXI_5/XLXI_18" (BUF) removed.
*     The signal "XLXI_1/Ma<1>" is loadless and has been removed.
*      Loadless block "XLXI_1/XLXI_1/XLXI_9/XLXI_2" (BUF) removed.
*     The signal "XLXI_1/Ma<0>" is loadless and has been removed.
*      Loadless block "XLXI_1/XLXI_1/XLXI_9/XLXI_4" (BUF) removed.
* The signal "XLXI_1/XLXI_5/XLXI_7/XLXN_29" is loadless and has been removed.
*  Loadless block "XLXI_1/XLXI_5/XLXI_7/XLXI_8" (AND) removed.
*   The signal "XLXI_1/XLXI_5/XLXI_7/XLXN_7" is loadless and has been removed.
*    Loadless block "XLXI_1/XLXI_5/XLXI_7/XLXI_1/XLXI_2/XLXI_9" (AND) removed.
*     The signal "XLXI_1/XLXI_5/XLXI_7/XLXI_1/XLXI_2/XLXN_8" is loadless and has been
removed.
*      Loadless block "XLXI_1/XLXI_5/XLXI_7/XLXI_1/XLXI_2/XLXI_1" (BUF) removed.
* The signal "XLXI_1/XLXI_5/XLXI_7/XLXN_28" is loadless and has been removed.
*  Loadless block "XLXI_1/XLXI_5/XLXI_7/XLXI_7" (AND) removed.
*   The signal "XLXI_1/XLXI_5/XLXI_7/XLXN_8" is loadless and has been removed.
*    Loadless block "XLXI_1/XLXI_5/XLXI_7/XLXI_1/XLXI_2/XLXI_8" (AND) removed.
*     The signal "XLXI_1/XLXI_5/XLXI_7/XLXI_1/XLXI_2/XLXN_4" is loadless and has been
removed.
*      Loadless block "XLXI_1/XLXI_5/XLXI_7/XLXI_1/XLXI_2/XLXI_2" (BUF) removed.
* The signal "XLXI_1/XLXI_5/XLXI_7/XLXN_27" is loadless and has been removed.
*  Loadless block "XLXI_1/XLXI_5/XLXI_7/XLXI_6" (AND) removed.
*   The signal "XLXI_1/XLXI_5/XLXI_7/XLXN_9" is loadless and has been removed.
*    Loadless block "XLXI_1/XLXI_5/XLXI_7/XLXI_1/XLXI_2/XLXI_7" (AND) removed.
                                                 The signal "XLXI_1/XLXI_5/XLXI_7/XLXI_11/S1" is loadless and has been removed.
*Loadless block "XLXI_1/XLXI_5/XLXI_7/XLXI_11/I_36_95" (OR) removed.
* The signal "XLXI_1/XLXI_5/XLXI_7/XLXN_26" is loadless and has been removed.
*  Loadless block "XLXI_1/XLXI_5/XLXI_7/XLXI_5" (AND) removed.
*   The signal "XLXI_1/XLXI_5/XLXI_7/XLXN_10" is loadless and has been removed.
*    Loadless block "XLXI_1/XLXI_5/XLXI_7/XLXI_1/XLXI_1/XLXI_10" (AND) removed.
*     The signal "XLXI_1/XLXI_5/XLXI_7/XLXI_1/XLXN_30" is loadless and has been
removed.
*      Loadless block "XLXI_1/XLXI_5/XLXI_7/XLXI_1/XLXI_4" (AND) removed.
*       The signal "XLXI_1/XLXI_5/XLXI_7/XLXI_1/XLXN_17" is loadless and has been
removed.
*        Loadless block "XLXI_1/XLXI_5/XLXI_7/XLXI_1/XLXI_3" (BUF) removed.
* The signal "XLXI_1/XLXI_5/XLXI_7/XLXN_25" is loadless and has been removed.
*  Loadless block "XLXI_1/XLXI_5/XLXI_7/XLXI_4" (AND) removed.
*   The signal "XLXI_1/XLXI_5/XLXI_7/XLXN_11" is loadless and has been removed.
*    Loadless block "XLXI_1/XLXI_5/XLXI_7/XLXI_1/XLXI_1/XLXI_9" (AND) removed.
*     The signal "XLXI_1/XLXI_5/XLXI_7/XLXI_1/XLXI_1/XLXN_8" is loadless and has been
removed.
*      Loadless block "XLXI_1/XLXI_5/XLXI_7/XLXI_1/XLXI_1/XLXI_1" (BUF) removed.
* The signal "XLXI_1/XLXI_5/XLXI_7/XLXN_24" is loadless and has been removed.
*  Loadless block "XLXI_1/XLXI_5/XLXI_7/XLXI_3" (AND) removed.
*   The signal "XLXI_1/XLXI_5/XLXI_7/XLXN_12" is loadless and has been removed.
*    Loadless block "XLXI_1/XLXI_5/XLXI_7/XLXI_1/XLXI_1/XLXI_8" (AND) removed.
*     The signal "XLXI_1/XLXI_5/XLXI_7/XLXI_1/XLXI_1/XLXN_4" is loadless and has been
removed.
*      Loadless block "XLXI_1/XLXI_5/XLXI_7/XLXI_1/XLXI_1/XLXI_2" (BUF) removed.
* The signal "XLXI_1/XLXI_5/XLXI_7/XLXN_23" is loadless and has been removed.
*  Loadless block "XLXI_1/XLXI_5/XLXI_7/XLXI_2" (AND) removed.
*   The signal "XLXI_1/XLXI_5/XLXI_7/XLXN_2" is loadless and has been removed.
*    Loadless block "XLXI_1/XLXI_5/XLXI_7/XLXI_1/XLXI_1/XLXI_7" (AND) removed.
                                             The signal "XLXI_1/XLXI_1/XLXI_7/XLXI_1/I35" is loadless and has been removed.
                                              Loadless block "XLXI_1/XLXI_1/XLXI_7/XLXI_1/I_36_69" (AND) removed.
                                               The signal "XLXI_1/XLXI_1/XLXI_7/XLXN_8" is loadless and has been removed.
                                                Loadless block "XLXI_1/XLXI_1/XLXI_7/XLXI_5" (BUF) removed.
                                                 The signal "XLXI_1/addsubB<1>" is loadless and has been removed.
*Loadless block "XLXI_1/XLXI_5/XLXI_6/XLXI_11/I_36_94" (OR) removed.
* The signal "XLXI_1/XLXI_5/XLXI_6/XLXI_11/S0" is loadless and has been removed.
*  Loadless block "XLXI_1/XLXI_5/XLXI_6/XLXI_11/I_36_112" (OR) removed.
*   The signal "XLXI_1/XLXI_5/XLXI_6/XLXN_30" is loadless and has been removed.
*    Loadless block "XLXI_1/XLXI_5/XLXI_6/XLXI_9" (AND) removed.
*     The signal "XLXI_1/E7_DUMMY<1>" is loadless and has been removed.
*      Loadless block "XLXI_1/XLXI_12/XLXI_17/XLXI_2" (FF) removed.
*       The signal "XLXI_1/XLXN_22<1>" is loadless and has been removed.
*        Loadless block "XLXI_1/XLXI_2/XLXI_2/XLXI_3" (OR) removed.
*         The signal "XLXI_1/XLXI_2/XLXI_2/XLXN_6" is loadless and has been removed.
*          Loadless block "XLXI_1/XLXI_2/XLXI_2/XLXI_2" (AND) removed.
*           The signal "XLXI_1/XLXN_24<1>" is loadless and has been removed.
*            Loadless block "XLXI_1/XLXI_1/XLXI_11/XLXI_4" (BUF) removed.
*         The signal "XLXI_1/XLXI_2/XLXI_2/XLXN_5" is loadless and has been removed.
*          Loadless block "XLXI_1/XLXI_2/XLXI_2/XLXI_1" (AND) removed.
*           The signal "XLXI_1/XLXI_2/XLXI_2/XLXN_1" is loadless and has been removed.
*            Loadless block "XLXI_1/XLXI_2/XLXI_2/XLXI_4" (BUF) removed.
*           The signal "XLXI_1/addsubout<1>" is loadless and has been removed.
*            Loadless block "XLXI_1/XLXI_7/XLXI_3/XLXI_4/XLXI_1" (XOR) removed.
*             The signal "XLXI_1/XLXI_7/XLXN_17" is loadless and has been removed.
*              Loadless block "XLXI_1/XLXI_7/XLXI_4/XLXI_5" (OR) removed.
*               The signal "XLXI_1/XLXI_7/XLXI_4/XLXN_6" is loadless and has been removed.
*                Loadless block "XLXI_1/XLXI_7/XLXI_4/XLXI_4/XLXI_3" (AND) removed.
*               The signal "XLXI_1/XLXI_7/XLXI_4/XLXN_7" is loadless and has been removed.
*                Loadless block "XLXI_1/XLXI_7/XLXI_4/XLXI_1/XLXI_3" (AND) removed.
*             The signal "XLXI_1/XLXI_7/XLXI_3/XLXN_2" is loadless and has been removed.
*              Loadless block "XLXI_1/XLXI_7/XLXI_3/XLXI_1/XLXI_1" (XOR) removed.
*               The signal "XLXI_1/XLXI_7/XLXN_3" is loadless and has been removed.
*                Loadless block "XLXI_1/XLXI_7/XLXI_7" (XOR) removed.
*               The signal "XLXI_1/addsubA<1>" is loadless and has been removed.
*                Loadless block "XLXI_1/XLXI_6/XLXI_6/XLXI_11/I_36_94" (OR) removed.
*                 The signal "XLXI_1/XLXI_6/XLXI_6/XLXI_11/S0" is loadless and has been removed.
*                  Loadless block "XLXI_1/XLXI_6/XLXI_6/XLXI_11/I_36_112" (OR) removed.
*                   The signal "XLXI_1/XLXI_6/XLXI_6/XLXN_30" is loadless and has been removed.
*                    Loadless block "XLXI_1/XLXI_6/XLXI_6/XLXI_9" (AND) removed.
*                     The signal "XLXI_1/XLXI_6/XLXI_6/XLXN_6" is loadless and has been removed.
*                      Loadless block "XLXI_1/XLXI_6/XLXI_6/XLXI_1/XLXI_2/XLXI_10" (AND) removed.
*                       The signal "XLXI_1/XLXI_6/XLXI_6/XLXI_1/XLXN_31" is loadless and has been
removed.
*                        Loadless block "XLXI_1/XLXI_6/XLXI_6/XLXI_1/XLXI_5" (AND) removed.
*                         The signal "XLXI_1/XLXI_6/XLXN_94" is loadless and has been removed.
*                          Loadless block "XLXI_1/XLXI_6/XLXI_17" (BUF) removed.
*                   The signal "XLXI_1/XLXI_6/XLXI_6/XLXN_29" is loadless and has been removed.
*                    Loadless block "XLXI_1/XLXI_6/XLXI_6/XLXI_8" (AND) removed.
*                     The signal "XLXI_1/E6_DUMMY<1>" is loadless and has been removed.
*                      Loadless block "XLXI_1/XLXI_12/XLXI_16/XLXI_2" (FF) removed.
*                     The signal "XLXI_1/XLXI_6/XLXI_6/XLXN_7" is loadless and has been removed.
*                      Loadless block "XLXI_1/XLXI_6/XLXI_6/XLXI_1/XLXI_2/XLXI_9" (AND) removed.
*                       The signal "XLXI_1/XLXI_6/XLXI_6/XLXI_1/XLXI_2/XLXN_8" is loadless and has been
removed.
*                        Loadless block "XLXI_1/XLXI_6/XLXI_6/XLXI_1/XLXI_2/XLXI_1" (BUF) removed.
*                   The signal "XLXI_1/XLXI_6/XLXI_6/XLXN_28" is loadless and has been removed.
*                    Loadless block "XLXI_1/XLXI_6/XLXI_6/XLXI_7" (AND) removed.
*                     The signal "XLXI_1/E5_DUMMY<1>" is loadless and has been removed.
*                      Loadless block "XLXI_1/XLXI_12/XLXI_15/XLXI_2" (FF) removed.
*                     The signal "XLXI_1/XLXI_6/XLXI_6/XLXN_8" is loadless and has been removed.
*                      Loadless block "XLXI_1/XLXI_6/XLXI_6/XLXI_1/XLXI_2/XLXI_8" (AND) removed.
*                       The signal "XLXI_1/XLXI_6/XLXI_6/XLXI_1/XLXI_2/XLXN_4" is loadless and has been
removed.
*                        Loadless block "XLXI_1/XLXI_6/XLXI_6/XLXI_1/XLXI_2/XLXI_2" (BUF) removed.
*                   The signal "XLXI_1/XLXI_6/XLXI_6/XLXN_27" is loadless and has been removed.
*                    Loadless block "XLXI_1/XLXI_6/XLXI_6/XLXI_6" (AND) removed.
*                     The signal "XLXI_1/E4_DUMMY<1>" is loadless and has been removed.
*                      Loadless block "XLXI_1/XLXI_12/XLXI_14/XLXI_2" (FF) removed.
*                     The signal "XLXI_1/XLXI_6/XLXI_6/XLXN_9" is loadless and has been removed.
*                      Loadless block "XLXI_1/XLXI_6/XLXI_6/XLXI_1/XLXI_2/XLXI_7" (AND) removed.
*                 The signal "XLXI_1/XLXI_6/XLXI_6/XLXI_11/S1" is loadless and has been removed.
*                  Loadless block "XLXI_1/XLXI_6/XLXI_6/XLXI_11/I_36_95" (OR) removed.
*                   The signal "XLXI_1/XLXI_6/XLXI_6/XLXN_26" is loadless and has been removed.
*                    Loadless block "XLXI_1/XLXI_6/XLXI_6/XLXI_5" (AND) removed.
*                     The signal "XLXN_4<1>" is loadless and has been removed.
*                      Loadless block "XLXI_1/XLXI_12/XLXI_13/XLXI_2" (FF) removed.
*                     The signal "XLXI_1/XLXI_6/XLXI_6/XLXN_10" is loadless and has been removed.
*                      Loadless block "XLXI_1/XLXI_6/XLXI_6/XLXI_1/XLXI_1/XLXI_10" (AND) removed.
*                       The signal "XLXI_1/XLXI_6/XLXI_6/XLXI_1/XLXN_30" is loadless and has been
removed.
*                        Loadless block "XLXI_1/XLXI_6/XLXI_6/XLXI_1/XLXI_4" (AND) removed.
*                         The signal "XLXI_1/XLXI_6/XLXI_6/XLXI_1/XLXN_17" is loadless and has been
removed.
*                          Loadless block "XLXI_1/XLXI_6/XLXI_6/XLXI_1/XLXI_3" (BUF) removed.
*                   The signal "XLXI_1/XLXI_6/XLXI_6/XLXN_25" is loadless and has been removed.
*                    Loadless block "XLXI_1/XLXI_6/XLXI_6/XLXI_4" (AND) removed.
*                     The signal "XLXN_3<1>" is loadless and has been removed.
*                      Loadless block "XLXI_1/XLXI_12/XLXI_12/XLXI_2" (FF) removed.
*                     The signal "XLXI_1/XLXI_6/XLXI_6/XLXN_11" is loadless and has been removed.
*                      Loadless block "XLXI_1/XLXI_6/XLXI_6/XLXI_1/XLXI_1/XLXI_9" (AND) removed.
*                       The signal "XLXI_1/XLXI_6/XLXI_6/XLXI_1/XLXI_1/XLXN_8" is loadless and has been
removed.
*                        Loadless block "XLXI_1/XLXI_6/XLXI_6/XLXI_1/XLXI_1/XLXI_1" (BUF) removed.
*                   The signal "XLXI_1/XLXI_6/XLXI_6/XLXN_24" is loadless and has been removed.
*                    Loadless block "XLXI_1/XLXI_6/XLXI_6/XLXI_3" (AND) removed.
*                     The signal "XLXN_2<1>" is loadless and has been removed.
*                      Loadless block "XLXI_1/XLXI_12/XLXI_11/XLXI_2" (FF) removed.
*                     The signal "XLXI_1/XLXI_6/XLXI_6/XLXN_12" is loadless and has been removed.
*                      Loadless block "XLXI_1/XLXI_6/XLXI_6/XLXI_1/XLXI_1/XLXI_8" (AND) removed.
*                       The signal "XLXI_1/XLXI_6/XLXI_6/XLXI_1/XLXI_1/XLXN_4" is loadless and has been
removed.
*                        Loadless block "XLXI_1/XLXI_6/XLXI_6/XLXI_1/XLXI_1/XLXI_2" (BUF) removed.
*                   The signal "XLXI_1/XLXI_6/XLXI_6/XLXN_23" is loadless and has been removed.
*                    Loadless block "XLXI_1/XLXI_6/XLXI_6/XLXI_2" (AND) removed.
*                     The signal "XLXN_1<1>" is loadless and has been removed.
*                      Loadless block "XLXI_1/XLXI_12/XLXI_10/XLXI_2" (FF) removed.
*                     The signal "XLXI_1/XLXI_6/XLXI_6/XLXN_2" is loadless and has been removed.
*                      Loadless block "XLXI_1/XLXI_6/XLXI_6/XLXI_1/XLXI_1/XLXI_7" (AND) removed.
*     The signal "XLXI_1/XLXI_5/XLXI_6/XLXN_6" is loadless and has been removed.
*      Loadless block "XLXI_1/XLXI_5/XLXI_6/XLXI_1/XLXI_2/XLXI_10" (AND) removed.
*       The signal "XLXI_1/XLXI_5/XLXI_6/XLXI_1/XLXN_31" is loadless and has been
removed.
*        Loadless block "XLXI_1/XLXI_5/XLXI_6/XLXI_1/XLXI_5" (AND) removed.
*         The signal "XLXI_1/XLXI_5/XLXN_94" is loadless and has been removed.
*          Loadless block "XLXI_1/XLXI_5/XLXI_17" (BUF) removed.
*   The signal "XLXI_1/XLXI_5/XLXI_6/XLXN_29" is loadless and has been removed.
*    Loadless block "XLXI_1/XLXI_5/XLXI_6/XLXI_8" (AND) removed.
*     The signal "XLXI_1/XLXI_5/XLXI_6/XLXN_7" is loadless and has been removed.
*      Loadless block "XLXI_1/XLXI_5/XLXI_6/XLXI_1/XLXI_2/XLXI_9" (AND) removed.
*       The signal "XLXI_1/XLXI_5/XLXI_6/XLXI_1/XLXI_2/XLXN_8" is loadless and has been
removed.
*        Loadless block "XLXI_1/XLXI_5/XLXI_6/XLXI_1/XLXI_2/XLXI_1" (BUF) removed.
*   The signal "XLXI_1/XLXI_5/XLXI_6/XLXN_28" is loadless and has been removed.
*    Loadless block "XLXI_1/XLXI_5/XLXI_6/XLXI_7" (AND) removed.
*     The signal "XLXI_1/XLXI_5/XLXI_6/XLXN_8" is loadless and has been removed.
*      Loadless block "XLXI_1/XLXI_5/XLXI_6/XLXI_1/XLXI_2/XLXI_8" (AND) removed.
*       The signal "XLXI_1/XLXI_5/XLXI_6/XLXI_1/XLXI_2/XLXN_4" is loadless and has been
removed.
*        Loadless block "XLXI_1/XLXI_5/XLXI_6/XLXI_1/XLXI_2/XLXI_2" (BUF) removed.
*   The signal "XLXI_1/XLXI_5/XLXI_6/XLXN_27" is loadless and has been removed.
*    Loadless block "XLXI_1/XLXI_5/XLXI_6/XLXI_6" (AND) removed.
*     The signal "XLXI_1/XLXI_5/XLXI_6/XLXN_9" is loadless and has been removed.
*      Loadless block "XLXI_1/XLXI_5/XLXI_6/XLXI_1/XLXI_2/XLXI_7" (AND) removed.
* The signal "XLXI_1/XLXI_5/XLXI_6/XLXI_11/S1" is loadless and has been removed.
*  Loadless block "XLXI_1/XLXI_5/XLXI_6/XLXI_11/I_36_95" (OR) removed.
*   The signal "XLXI_1/XLXI_5/XLXI_6/XLXN_26" is loadless and has been removed.
*    Loadless block "XLXI_1/XLXI_5/XLXI_6/XLXI_5" (AND) removed.
*     The signal "XLXI_1/XLXI_5/XLXI_6/XLXN_10" is loadless and has been removed.
*      Loadless block "XLXI_1/XLXI_5/XLXI_6/XLXI_1/XLXI_1/XLXI_10" (AND) removed.
*       The signal "XLXI_1/XLXI_5/XLXI_6/XLXI_1/XLXN_30" is loadless and has been
removed.
*        Loadless block "XLXI_1/XLXI_5/XLXI_6/XLXI_1/XLXI_4" (AND) removed.
*         The signal "XLXI_1/XLXI_5/XLXI_6/XLXI_1/XLXN_17" is loadless and has been
removed.
*          Loadless block "XLXI_1/XLXI_5/XLXI_6/XLXI_1/XLXI_3" (BUF) removed.
*   The signal "XLXI_1/XLXI_5/XLXI_6/XLXN_25" is loadless and has been removed.
*    Loadless block "XLXI_1/XLXI_5/XLXI_6/XLXI_4" (AND) removed.
*     The signal "XLXI_1/XLXI_5/XLXI_6/XLXN_11" is loadless and has been removed.
*      Loadless block "XLXI_1/XLXI_5/XLXI_6/XLXI_1/XLXI_1/XLXI_9" (AND) removed.
*       The signal "XLXI_1/XLXI_5/XLXI_6/XLXI_1/XLXI_1/XLXN_8" is loadless and has been
removed.
*        Loadless block "XLXI_1/XLXI_5/XLXI_6/XLXI_1/XLXI_1/XLXI_1" (BUF) removed.
*   The signal "XLXI_1/XLXI_5/XLXI_6/XLXN_24" is loadless and has been removed.
*    Loadless block "XLXI_1/XLXI_5/XLXI_6/XLXI_3" (AND) removed.
*     The signal "XLXI_1/XLXI_5/XLXI_6/XLXN_12" is loadless and has been removed.
*      Loadless block "XLXI_1/XLXI_5/XLXI_6/XLXI_1/XLXI_1/XLXI_8" (AND) removed.
*       The signal "XLXI_1/XLXI_5/XLXI_6/XLXI_1/XLXI_1/XLXN_4" is loadless and has been
removed.
*        Loadless block "XLXI_1/XLXI_5/XLXI_6/XLXI_1/XLXI_1/XLXI_2" (BUF) removed.
*   The signal "XLXI_1/XLXI_5/XLXI_6/XLXN_23" is loadless and has been removed.
*    Loadless block "XLXI_1/XLXI_5/XLXI_6/XLXI_2" (AND) removed.
*     The signal "XLXI_1/XLXI_5/XLXI_6/XLXN_2" is loadless and has been removed.
*      Loadless block "XLXI_1/XLXI_5/XLXI_6/XLXI_1/XLXI_1/XLXI_7" (AND) removed.
                                               The signal "XLXI_1/XLXI_1/XLXI_7/XLXN_7" is loadless and has been removed.
                                                Loadless block "XLXI_1/XLXI_1/XLXI_7/XLXI_4" (BUF) removed.
                                                 The signal "XLXI_1/addsubB<2>" is loadless and has been removed.
*Loadless block "XLXI_1/XLXI_5/XLXI_5/XLXI_11/I_36_94" (OR) removed.
* The signal "XLXI_1/XLXI_5/XLXI_5/XLXI_11/S0" is loadless and has been removed.
*  Loadless block "XLXI_1/XLXI_5/XLXI_5/XLXI_11/I_36_112" (OR) removed.
*   The signal "XLXI_1/XLXI_5/XLXI_5/XLXN_30" is loadless and has been removed.
*    Loadless block "XLXI_1/XLXI_5/XLXI_5/XLXI_9" (AND) removed.
*     The signal "XLXI_1/E7_DUMMY<2>" is loadless and has been removed.
*      Loadless block "XLXI_1/XLXI_12/XLXI_17/XLXI_3" (FF) removed.
*       The signal "XLXI_1/XLXN_22<2>" is loadless and has been removed.
*        Loadless block "XLXI_1/XLXI_2/XLXI_3/XLXI_3" (OR) removed.
*         The signal "XLXI_1/XLXI_2/XLXI_3/XLXN_6" is loadless and has been removed.
*          Loadless block "XLXI_1/XLXI_2/XLXI_3/XLXI_2" (AND) removed.
*           The signal "XLXI_1/XLXN_24<2>" is loadless and has been removed.
*            Loadless block "XLXI_1/XLXI_1/XLXI_11/XLXI_2" (BUF) removed.
*         The signal "XLXI_1/XLXI_2/XLXI_3/XLXN_5" is loadless and has been removed.
*          Loadless block "XLXI_1/XLXI_2/XLXI_3/XLXI_1" (AND) removed.
*           The signal "XLXI_1/XLXI_2/XLXI_3/XLXN_1" is loadless and has been removed.
*            Loadless block "XLXI_1/XLXI_2/XLXI_3/XLXI_4" (BUF) removed.
*           The signal "XLXI_1/addsubout<2>" is loadless and has been removed.
*            Loadless block "XLXI_1/XLXI_7/XLXI_2/XLXI_4/XLXI_1" (XOR) removed.
*             The signal "XLXI_1/XLXI_7/XLXN_40" is loadless and has been removed.
*              Loadless block "XLXI_1/XLXI_7/XLXI_3/XLXI_5" (OR) removed.
*               The signal "XLXI_1/XLXI_7/XLXI_3/XLXN_6" is loadless and has been removed.
*                Loadless block "XLXI_1/XLXI_7/XLXI_3/XLXI_4/XLXI_3" (AND) removed.
*               The signal "XLXI_1/XLXI_7/XLXI_3/XLXN_7" is loadless and has been removed.
*                Loadless block "XLXI_1/XLXI_7/XLXI_3/XLXI_1/XLXI_3" (AND) removed.
*             The signal "XLXI_1/XLXI_7/XLXI_2/XLXN_2" is loadless and has been removed.
*              Loadless block "XLXI_1/XLXI_7/XLXI_2/XLXI_1/XLXI_1" (XOR) removed.
*               The signal "XLXI_1/XLXI_7/XLXN_2" is loadless and has been removed.
*                Loadless block "XLXI_1/XLXI_7/XLXI_5" (XOR) removed.
*               The signal "XLXI_1/addsubA<2>" is loadless and has been removed.
*                Loadless block "XLXI_1/XLXI_6/XLXI_5/XLXI_11/I_36_94" (OR) removed.
*                 The signal "XLXI_1/XLXI_6/XLXI_5/XLXI_11/S0" is loadless and has been removed.
*                  Loadless block "XLXI_1/XLXI_6/XLXI_5/XLXI_11/I_36_112" (OR) removed.
*                   The signal "XLXI_1/XLXI_6/XLXI_5/XLXN_30" is loadless and has been removed.
*                    Loadless block "XLXI_1/XLXI_6/XLXI_5/XLXI_9" (AND) removed.
*                     The signal "XLXI_1/XLXI_6/XLXI_5/XLXN_6" is loadless and has been removed.
*                      Loadless block "XLXI_1/XLXI_6/XLXI_5/XLXI_1/XLXI_2/XLXI_10" (AND) removed.
*                       The signal "XLXI_1/XLXI_6/XLXI_5/XLXI_1/XLXN_31" is loadless and has been
removed.
*                        Loadless block "XLXI_1/XLXI_6/XLXI_5/XLXI_1/XLXI_5" (AND) removed.
*                         The signal "XLXI_1/XLXI_6/XLXN_95" is loadless and has been removed.
*                          Loadless block "XLXI_1/XLXI_6/XLXI_16" (BUF) removed.
*                   The signal "XLXI_1/XLXI_6/XLXI_5/XLXN_29" is loadless and has been removed.
*                    Loadless block "XLXI_1/XLXI_6/XLXI_5/XLXI_8" (AND) removed.
*                     The signal "XLXI_1/E6_DUMMY<2>" is loadless and has been removed.
*                      Loadless block "XLXI_1/XLXI_12/XLXI_16/XLXI_3" (FF) removed.
*                     The signal "XLXI_1/XLXI_6/XLXI_5/XLXN_7" is loadless and has been removed.
*                      Loadless block "XLXI_1/XLXI_6/XLXI_5/XLXI_1/XLXI_2/XLXI_9" (AND) removed.
*                       The signal "XLXI_1/XLXI_6/XLXI_5/XLXI_1/XLXI_2/XLXN_8" is loadless and has been
removed.
*                        Loadless block "XLXI_1/XLXI_6/XLXI_5/XLXI_1/XLXI_2/XLXI_1" (BUF) removed.
*                   The signal "XLXI_1/XLXI_6/XLXI_5/XLXN_28" is loadless and has been removed.
*                    Loadless block "XLXI_1/XLXI_6/XLXI_5/XLXI_7" (AND) removed.
*                     The signal "XLXI_1/E5_DUMMY<2>" is loadless and has been removed.
*                      Loadless block "XLXI_1/XLXI_12/XLXI_15/XLXI_3" (FF) removed.
*                     The signal "XLXI_1/XLXI_6/XLXI_5/XLXN_8" is loadless and has been removed.
*                      Loadless block "XLXI_1/XLXI_6/XLXI_5/XLXI_1/XLXI_2/XLXI_8" (AND) removed.
*                       The signal "XLXI_1/XLXI_6/XLXI_5/XLXI_1/XLXI_2/XLXN_4" is loadless and has been
removed.
*                        Loadless block "XLXI_1/XLXI_6/XLXI_5/XLXI_1/XLXI_2/XLXI_2" (BUF) removed.
*                   The signal "XLXI_1/XLXI_6/XLXI_5/XLXN_27" is loadless and has been removed.
*                    Loadless block "XLXI_1/XLXI_6/XLXI_5/XLXI_6" (AND) removed.
*                     The signal "XLXI_1/E4_DUMMY<2>" is loadless and has been removed.
*                      Loadless block "XLXI_1/XLXI_12/XLXI_14/XLXI_3" (FF) removed.
*                     The signal "XLXI_1/XLXI_6/XLXI_5/XLXN_9" is loadless and has been removed.
*                      Loadless block "XLXI_1/XLXI_6/XLXI_5/XLXI_1/XLXI_2/XLXI_7" (AND) removed.
*                 The signal "XLXI_1/XLXI_6/XLXI_5/XLXI_11/S1" is loadless and has been removed.
*                  Loadless block "XLXI_1/XLXI_6/XLXI_5/XLXI_11/I_36_95" (OR) removed.
*                   The signal "XLXI_1/XLXI_6/XLXI_5/XLXN_26" is loadless and has been removed.
*                    Loadless block "XLXI_1/XLXI_6/XLXI_5/XLXI_5" (AND) removed.
*                     The signal "XLXN_4<2>" is loadless and has been removed.
*                      Loadless block "XLXI_1/XLXI_12/XLXI_13/XLXI_3" (FF) removed.
*                     The signal "XLXI_1/XLXI_6/XLXI_5/XLXN_10" is loadless and has been removed.
*                      Loadless block "XLXI_1/XLXI_6/XLXI_5/XLXI_1/XLXI_1/XLXI_10" (AND) removed.
*                       The signal "XLXI_1/XLXI_6/XLXI_5/XLXI_1/XLXN_30" is loadless and has been
removed.
*                        Loadless block "XLXI_1/XLXI_6/XLXI_5/XLXI_1/XLXI_4" (AND) removed.
*                         The signal "XLXI_1/XLXI_6/XLXI_5/XLXI_1/XLXN_17" is loadless and has been
removed.
*                          Loadless block "XLXI_1/XLXI_6/XLXI_5/XLXI_1/XLXI_3" (BUF) removed.
*                   The signal "XLXI_1/XLXI_6/XLXI_5/XLXN_25" is loadless and has been removed.
*                    Loadless block "XLXI_1/XLXI_6/XLXI_5/XLXI_4" (AND) removed.
*                     The signal "XLXN_3<2>" is loadless and has been removed.
*                      Loadless block "XLXI_1/XLXI_12/XLXI_12/XLXI_3" (FF) removed.
*                     The signal "XLXI_1/XLXI_6/XLXI_5/XLXN_11" is loadless and has been removed.
*                      Loadless block "XLXI_1/XLXI_6/XLXI_5/XLXI_1/XLXI_1/XLXI_9" (AND) removed.
*                       The signal "XLXI_1/XLXI_6/XLXI_5/XLXI_1/XLXI_1/XLXN_8" is loadless and has been
removed.
*                        Loadless block "XLXI_1/XLXI_6/XLXI_5/XLXI_1/XLXI_1/XLXI_1" (BUF) removed.
*                   The signal "XLXI_1/XLXI_6/XLXI_5/XLXN_24" is loadless and has been removed.
*                    Loadless block "XLXI_1/XLXI_6/XLXI_5/XLXI_3" (AND) removed.
*                     The signal "XLXN_2<2>" is loadless and has been removed.
*                      Loadless block "XLXI_1/XLXI_12/XLXI_11/XLXI_3" (FF) removed.
*                     The signal "XLXI_1/XLXI_6/XLXI_5/XLXN_12" is loadless and has been removed.
*                      Loadless block "XLXI_1/XLXI_6/XLXI_5/XLXI_1/XLXI_1/XLXI_8" (AND) removed.
*                       The signal "XLXI_1/XLXI_6/XLXI_5/XLXI_1/XLXI_1/XLXN_4" is loadless and has been
removed.
*                        Loadless block "XLXI_1/XLXI_6/XLXI_5/XLXI_1/XLXI_1/XLXI_2" (BUF) removed.
*                   The signal "XLXI_1/XLXI_6/XLXI_5/XLXN_23" is loadless and has been removed.
*                    Loadless block "XLXI_1/XLXI_6/XLXI_5/XLXI_2" (AND) removed.
*                     The signal "XLXN_1<2>" is loadless and has been removed.
*                      Loadless block "XLXI_1/XLXI_12/XLXI_10/XLXI_3" (FF) removed.
*                     The signal "XLXI_1/XLXI_6/XLXI_5/XLXN_2" is loadless and has been removed.
*                      Loadless block "XLXI_1/XLXI_6/XLXI_5/XLXI_1/XLXI_1/XLXI_7" (AND) removed.
*     The signal "XLXI_1/XLXI_5/XLXI_5/XLXN_6" is loadless and has been removed.
*      Loadless block "XLXI_1/XLXI_5/XLXI_5/XLXI_1/XLXI_2/XLXI_10" (AND) removed.
*       The signal "XLXI_1/XLXI_5/XLXI_5/XLXI_1/XLXN_31" is loadless and has been
removed.
*        Loadless block "XLXI_1/XLXI_5/XLXI_5/XLXI_1/XLXI_5" (AND) removed.
*         The signal "XLXI_1/XLXI_5/XLXN_95" is loadless and has been removed.
*          Loadless block "XLXI_1/XLXI_5/XLXI_16" (BUF) removed.
*   The signal "XLXI_1/XLXI_5/XLXI_5/XLXN_29" is loadless and has been removed.
*    Loadless block "XLXI_1/XLXI_5/XLXI_5/XLXI_8" (AND) removed.
*     The signal "XLXI_1/XLXI_5/XLXI_5/XLXN_7" is loadless and has been removed.
*      Loadless block "XLXI_1/XLXI_5/XLXI_5/XLXI_1/XLXI_2/XLXI_9" (AND) removed.
*       The signal "XLXI_1/XLXI_5/XLXI_5/XLXI_1/XLXI_2/XLXN_8" is loadless and has been
removed.
*        Loadless block "XLXI_1/XLXI_5/XLXI_5/XLXI_1/XLXI_2/XLXI_1" (BUF) removed.
*   The signal "XLXI_1/XLXI_5/XLXI_5/XLXN_28" is loadless and has been removed.
*    Loadless block "XLXI_1/XLXI_5/XLXI_5/XLXI_7" (AND) removed.
*     The signal "XLXI_1/XLXI_5/XLXI_5/XLXN_8" is loadless and has been removed.
*      Loadless block "XLXI_1/XLXI_5/XLXI_5/XLXI_1/XLXI_2/XLXI_8" (AND) removed.
*       The signal "XLXI_1/XLXI_5/XLXI_5/XLXI_1/XLXI_2/XLXN_4" is loadless and has been
removed.
*        Loadless block "XLXI_1/XLXI_5/XLXI_5/XLXI_1/XLXI_2/XLXI_2" (BUF) removed.
*   The signal "XLXI_1/XLXI_5/XLXI_5/XLXN_27" is loadless and has been removed.
*    Loadless block "XLXI_1/XLXI_5/XLXI_5/XLXI_6" (AND) removed.
*     The signal "XLXI_1/XLXI_5/XLXI_5/XLXN_9" is loadless and has been removed.
*      Loadless block "XLXI_1/XLXI_5/XLXI_5/XLXI_1/XLXI_2/XLXI_7" (AND) removed.
* The signal "XLXI_1/XLXI_5/XLXI_5/XLXI_11/S1" is loadless and has been removed.
*  Loadless block "XLXI_1/XLXI_5/XLXI_5/XLXI_11/I_36_95" (OR) removed.
*   The signal "XLXI_1/XLXI_5/XLXI_5/XLXN_26" is loadless and has been removed.
*    Loadless block "XLXI_1/XLXI_5/XLXI_5/XLXI_5" (AND) removed.
*     The signal "XLXI_1/XLXI_5/XLXI_5/XLXN_10" is loadless and has been removed.
*      Loadless block "XLXI_1/XLXI_5/XLXI_5/XLXI_1/XLXI_1/XLXI_10" (AND) removed.
*       The signal "XLXI_1/XLXI_5/XLXI_5/XLXI_1/XLXN_30" is loadless and has been
removed.
*        Loadless block "XLXI_1/XLXI_5/XLXI_5/XLXI_1/XLXI_4" (AND) removed.
*         The signal "XLXI_1/XLXI_5/XLXI_5/XLXI_1/XLXN_17" is loadless and has been
removed.
*          Loadless block "XLXI_1/XLXI_5/XLXI_5/XLXI_1/XLXI_3" (BUF) removed.
*   The signal "XLXI_1/XLXI_5/XLXI_5/XLXN_25" is loadless and has been removed.
*    Loadless block "XLXI_1/XLXI_5/XLXI_5/XLXI_4" (AND) removed.
*     The signal "XLXI_1/XLXI_5/XLXI_5/XLXN_11" is loadless and has been removed.
*      Loadless block "XLXI_1/XLXI_5/XLXI_5/XLXI_1/XLXI_1/XLXI_9" (AND) removed.
*       The signal "XLXI_1/XLXI_5/XLXI_5/XLXI_1/XLXI_1/XLXN_8" is loadless and has been
removed.
*        Loadless block "XLXI_1/XLXI_5/XLXI_5/XLXI_1/XLXI_1/XLXI_1" (BUF) removed.
*   The signal "XLXI_1/XLXI_5/XLXI_5/XLXN_24" is loadless and has been removed.
*    Loadless block "XLXI_1/XLXI_5/XLXI_5/XLXI_3" (AND) removed.
*     The signal "XLXI_1/XLXI_5/XLXI_5/XLXN_12" is loadless and has been removed.
*      Loadless block "XLXI_1/XLXI_5/XLXI_5/XLXI_1/XLXI_1/XLXI_8" (AND) removed.
*       The signal "XLXI_1/XLXI_5/XLXI_5/XLXI_1/XLXI_1/XLXN_4" is loadless and has been
removed.
*        Loadless block "XLXI_1/XLXI_5/XLXI_5/XLXI_1/XLXI_1/XLXI_2" (BUF) removed.
*   The signal "XLXI_1/XLXI_5/XLXI_5/XLXN_23" is loadless and has been removed.
*    Loadless block "XLXI_1/XLXI_5/XLXI_5/XLXI_2" (AND) removed.
*     The signal "XLXI_1/XLXI_5/XLXI_5/XLXN_2" is loadless and has been removed.
*      Loadless block "XLXI_1/XLXI_5/XLXI_5/XLXI_1/XLXI_1/XLXI_7" (AND) removed.
                                               The signal "XLXI_1/XLXI_1/XLXI_7/XLXN_6" is loadless and has been removed.
                                                Loadless block "XLXI_1/XLXI_1/XLXI_7/XLXI_2" (BUF) removed.
                                                 The signal "XLXI_1/addsubB<3>" is loadless and has been removed.
*Loadless block "XLXI_1/XLXI_5/XLXI_4/XLXI_11/I_36_94" (OR) removed.
* The signal "XLXI_1/XLXI_5/XLXI_4/XLXI_11/S0" is loadless and has been removed.
*  Loadless block "XLXI_1/XLXI_5/XLXI_4/XLXI_11/I_36_112" (OR) removed.
*   The signal "XLXI_1/XLXI_5/XLXI_4/XLXN_30" is loadless and has been removed.
*    Loadless block "XLXI_1/XLXI_5/XLXI_4/XLXI_9" (AND) removed.
*     The signal "XLXI_1/E7_DUMMY<3>" is loadless and has been removed.
*      Loadless block "XLXI_1/XLXI_12/XLXI_17/XLXI_4" (FF) removed.
*       The signal "XLXI_1/XLXN_22<3>" is loadless and has been removed.
*        Loadless block "XLXI_1/XLXI_2/XLXI_4/XLXI_3" (OR) removed.
*         The signal "XLXI_1/XLXI_2/XLXI_4/XLXN_6" is loadless and has been removed.
*          Loadless block "XLXI_1/XLXI_2/XLXI_4/XLXI_2" (AND) removed.
*           The signal "XLXI_1/XLXN_24<3>" is loadless and has been removed.
*            Loadless block "XLXI_1/XLXI_1/XLXI_11/XLXI_1" (BUF) removed.
*             The signal "XLXI_1/XLXI_1/B<3>" is loadless and has been removed.
*              Loadless block "XLXI_1/XLXI_1/XLXI_1/XLXI_9" (AND) removed.
*               The signal "XLXI_1/instruction<3>" is loadless and has been removed.
*                Loadless block "XLXI_1/XLXI_13/XLXI_10" (ROM) removed.
*         The signal "XLXI_1/XLXI_2/XLXI_4/XLXN_5" is loadless and has been removed.
*          Loadless block "XLXI_1/XLXI_2/XLXI_4/XLXI_1" (AND) removed.
*           The signal "XLXI_1/XLXI_2/XLXI_4/XLXN_1" is loadless and has been removed.
*            Loadless block "XLXI_1/XLXI_2/XLXI_4/XLXI_4" (BUF) removed.
*           The signal "XLXI_1/addsubout<3>" is loadless and has been removed.
*            Loadless block "XLXI_1/XLXI_7/XLXI_1/XLXI_4/XLXI_1" (XOR) removed.
*             The signal "XLXI_1/XLXI_7/XLXN_15" is loadless and has been removed.
*              Loadless block "XLXI_1/XLXI_7/XLXI_2/XLXI_5" (OR) removed.
*               The signal "XLXI_1/XLXI_7/XLXI_2/XLXN_6" is loadless and has been removed.
*                Loadless block "XLXI_1/XLXI_7/XLXI_2/XLXI_4/XLXI_3" (AND) removed.
*               The signal "XLXI_1/XLXI_7/XLXI_2/XLXN_7" is loadless and has been removed.
*                Loadless block "XLXI_1/XLXI_7/XLXI_2/XLXI_1/XLXI_3" (AND) removed.
*             The signal "XLXI_1/XLXI_7/XLXI_1/XLXN_2" is loadless and has been removed.
*              Loadless block "XLXI_1/XLXI_7/XLXI_1/XLXI_1/XLXI_1" (XOR) removed.
*               The signal "XLXI_1/XLXI_7/XLXN_1" is loadless and has been removed.
*                Loadless block "XLXI_1/XLXI_7/XLXI_6" (XOR) removed.
*               The signal "XLXI_1/addsubA<3>" is loadless and has been removed.
*                Loadless block "XLXI_1/XLXI_6/XLXI_4/XLXI_11/I_36_94" (OR) removed.
*                 The signal "XLXI_1/XLXI_6/XLXI_4/XLXI_11/S0" is loadless and has been removed.
*                  Loadless block "XLXI_1/XLXI_6/XLXI_4/XLXI_11/I_36_112" (OR) removed.
*                   The signal "XLXI_1/XLXI_6/XLXI_4/XLXN_30" is loadless and has been removed.
*                    Loadless block "XLXI_1/XLXI_6/XLXI_4/XLXI_9" (AND) removed.
*                     The signal "XLXI_1/XLXI_6/XLXI_4/XLXN_6" is loadless and has been removed.
*                      Loadless block "XLXI_1/XLXI_6/XLXI_4/XLXI_1/XLXI_2/XLXI_10" (AND) removed.
*                       The signal "XLXI_1/XLXI_6/XLXI_4/XLXI_1/XLXN_31" is loadless and has been
removed.
*                        Loadless block "XLXI_1/XLXI_6/XLXI_4/XLXI_1/XLXI_5" (AND) removed.
*                         The signal "XLXI_1/XLXI_6/XLXN_96" is loadless and has been removed.
*                          Loadless block "XLXI_1/XLXI_6/XLXI_15" (BUF) removed.
*                   The signal "XLXI_1/XLXI_6/XLXI_4/XLXN_29" is loadless and has been removed.
*                    Loadless block "XLXI_1/XLXI_6/XLXI_4/XLXI_8" (AND) removed.
*                     The signal "XLXI_1/E6_DUMMY<3>" is loadless and has been removed.
*                      Loadless block "XLXI_1/XLXI_12/XLXI_16/XLXI_4" (FF) removed.
*                     The signal "XLXI_1/XLXI_6/XLXI_4/XLXN_7" is loadless and has been removed.
*                      Loadless block "XLXI_1/XLXI_6/XLXI_4/XLXI_1/XLXI_2/XLXI_9" (AND) removed.
*                       The signal "XLXI_1/XLXI_6/XLXI_4/XLXI_1/XLXI_2/XLXN_8" is loadless and has been
removed.
*                        Loadless block "XLXI_1/XLXI_6/XLXI_4/XLXI_1/XLXI_2/XLXI_1" (BUF) removed.
*                   The signal "XLXI_1/XLXI_6/XLXI_4/XLXN_28" is loadless and has been removed.
*                    Loadless block "XLXI_1/XLXI_6/XLXI_4/XLXI_7" (AND) removed.
*                     The signal "XLXI_1/E5_DUMMY<3>" is loadless and has been removed.
*                      Loadless block "XLXI_1/XLXI_12/XLXI_15/XLXI_4" (FF) removed.
*                     The signal "XLXI_1/XLXI_6/XLXI_4/XLXN_8" is loadless and has been removed.
*                      Loadless block "XLXI_1/XLXI_6/XLXI_4/XLXI_1/XLXI_2/XLXI_8" (AND) removed.
*                       The signal "XLXI_1/XLXI_6/XLXI_4/XLXI_1/XLXI_2/XLXN_4" is loadless and has been
removed.
*                        Loadless block "XLXI_1/XLXI_6/XLXI_4/XLXI_1/XLXI_2/XLXI_2" (BUF) removed.
*                   The signal "XLXI_1/XLXI_6/XLXI_4/XLXN_27" is loadless and has been removed.
*                    Loadless block "XLXI_1/XLXI_6/XLXI_4/XLXI_6" (AND) removed.
*                     The signal "XLXI_1/E4_DUMMY<3>" is loadless and has been removed.
*                      Loadless block "XLXI_1/XLXI_12/XLXI_14/XLXI_4" (FF) removed.
*                     The signal "XLXI_1/XLXI_6/XLXI_4/XLXN_9" is loadless and has been removed.
*                      Loadless block "XLXI_1/XLXI_6/XLXI_4/XLXI_1/XLXI_2/XLXI_7" (AND) removed.
*                 The signal "XLXI_1/XLXI_6/XLXI_4/XLXI_11/S1" is loadless and has been removed.
*                  Loadless block "XLXI_1/XLXI_6/XLXI_4/XLXI_11/I_36_95" (OR) removed.
*                   The signal "XLXI_1/XLXI_6/XLXI_4/XLXN_26" is loadless and has been removed.
*                    Loadless block "XLXI_1/XLXI_6/XLXI_4/XLXI_5" (AND) removed.
*                     The signal "XLXN_4<3>" is loadless and has been removed.
*                      Loadless block "XLXI_1/XLXI_12/XLXI_13/XLXI_4" (FF) removed.
*                     The signal "XLXI_1/XLXI_6/XLXI_4/XLXN_10" is loadless and has been removed.
*                      Loadless block "XLXI_1/XLXI_6/XLXI_4/XLXI_1/XLXI_1/XLXI_10" (AND) removed.
*                       The signal "XLXI_1/XLXI_6/XLXI_4/XLXI_1/XLXN_30" is loadless and has been
removed.
*                        Loadless block "XLXI_1/XLXI_6/XLXI_4/XLXI_1/XLXI_4" (AND) removed.
*                         The signal "XLXI_1/XLXI_6/XLXI_4/XLXI_1/XLXN_17" is loadless and has been
removed.
*                          Loadless block "XLXI_1/XLXI_6/XLXI_4/XLXI_1/XLXI_3" (BUF) removed.
*                   The signal "XLXI_1/XLXI_6/XLXI_4/XLXN_25" is loadless and has been removed.
*                    Loadless block "XLXI_1/XLXI_6/XLXI_4/XLXI_4" (AND) removed.
*                     The signal "XLXN_3<3>" is loadless and has been removed.
*                      Loadless block "XLXI_1/XLXI_12/XLXI_12/XLXI_4" (FF) removed.
*                     The signal "XLXI_1/XLXI_6/XLXI_4/XLXN_11" is loadless and has been removed.
*                      Loadless block "XLXI_1/XLXI_6/XLXI_4/XLXI_1/XLXI_1/XLXI_9" (AND) removed.
*                       The signal "XLXI_1/XLXI_6/XLXI_4/XLXI_1/XLXI_1/XLXN_8" is loadless and has been
removed.
*                        Loadless block "XLXI_1/XLXI_6/XLXI_4/XLXI_1/XLXI_1/XLXI_1" (BUF) removed.
*                   The signal "XLXI_1/XLXI_6/XLXI_4/XLXN_24" is loadless and has been removed.
*                    Loadless block "XLXI_1/XLXI_6/XLXI_4/XLXI_3" (AND) removed.
*                     The signal "XLXN_2<3>" is loadless and has been removed.
*                      Loadless block "XLXI_1/XLXI_12/XLXI_11/XLXI_4" (FF) removed.
*                     The signal "XLXI_1/XLXI_6/XLXI_4/XLXN_12" is loadless and has been removed.
*                      Loadless block "XLXI_1/XLXI_6/XLXI_4/XLXI_1/XLXI_1/XLXI_8" (AND) removed.
*                       The signal "XLXI_1/XLXI_6/XLXI_4/XLXI_1/XLXI_1/XLXN_4" is loadless and has been
removed.
*                        Loadless block "XLXI_1/XLXI_6/XLXI_4/XLXI_1/XLXI_1/XLXI_2" (BUF) removed.
*                   The signal "XLXI_1/XLXI_6/XLXI_4/XLXN_23" is loadless and has been removed.
*                    Loadless block "XLXI_1/XLXI_6/XLXI_4/XLXI_2" (AND) removed.
*                     The signal "XLXN_1<3>" is loadless and has been removed.
*                      Loadless block "XLXI_1/XLXI_12/XLXI_10/XLXI_4" (FF) removed.
*                     The signal "XLXI_1/XLXI_6/XLXI_4/XLXN_2" is loadless and has been removed.
*                      Loadless block "XLXI_1/XLXI_6/XLXI_4/XLXI_1/XLXI_1/XLXI_7" (AND) removed.
*     The signal "XLXI_1/XLXI_5/XLXI_4/XLXN_6" is loadless and has been removed.
*      Loadless block "XLXI_1/XLXI_5/XLXI_4/XLXI_1/XLXI_2/XLXI_10" (AND) removed.
*       The signal "XLXI_1/XLXI_5/XLXI_4/XLXI_1/XLXN_31" is loadless and has been
removed.
*        Loadless block "XLXI_1/XLXI_5/XLXI_4/XLXI_1/XLXI_5" (AND) removed.
*         The signal "XLXI_1/XLXI_5/XLXN_96" is loadless and has been removed.
*          Loadless block "XLXI_1/XLXI_5/XLXI_15" (BUF) removed.
*   The signal "XLXI_1/XLXI_5/XLXI_4/XLXN_29" is loadless and has been removed.
*    Loadless block "XLXI_1/XLXI_5/XLXI_4/XLXI_8" (AND) removed.
*     The signal "XLXI_1/XLXI_5/XLXI_4/XLXN_7" is loadless and has been removed.
*      Loadless block "XLXI_1/XLXI_5/XLXI_4/XLXI_1/XLXI_2/XLXI_9" (AND) removed.
*       The signal "XLXI_1/XLXI_5/XLXI_4/XLXI_1/XLXI_2/XLXN_8" is loadless and has been
removed.
*        Loadless block "XLXI_1/XLXI_5/XLXI_4/XLXI_1/XLXI_2/XLXI_1" (BUF) removed.
*   The signal "XLXI_1/XLXI_5/XLXI_4/XLXN_28" is loadless and has been removed.
*    Loadless block "XLXI_1/XLXI_5/XLXI_4/XLXI_7" (AND) removed.
*     The signal "XLXI_1/XLXI_5/XLXI_4/XLXN_8" is loadless and has been removed.
*      Loadless block "XLXI_1/XLXI_5/XLXI_4/XLXI_1/XLXI_2/XLXI_8" (AND) removed.
*       The signal "XLXI_1/XLXI_5/XLXI_4/XLXI_1/XLXI_2/XLXN_4" is loadless and has been
removed.
*        Loadless block "XLXI_1/XLXI_5/XLXI_4/XLXI_1/XLXI_2/XLXI_2" (BUF) removed.
*   The signal "XLXI_1/XLXI_5/XLXI_4/XLXN_27" is loadless and has been removed.
*    Loadless block "XLXI_1/XLXI_5/XLXI_4/XLXI_6" (AND) removed.
*     The signal "XLXI_1/XLXI_5/XLXI_4/XLXN_9" is loadless and has been removed.
*      Loadless block "XLXI_1/XLXI_5/XLXI_4/XLXI_1/XLXI_2/XLXI_7" (AND) removed.
* The signal "XLXI_1/XLXI_5/XLXI_4/XLXI_11/S1" is loadless and has been removed.
*  Loadless block "XLXI_1/XLXI_5/XLXI_4/XLXI_11/I_36_95" (OR) removed.
*   The signal "XLXI_1/XLXI_5/XLXI_4/XLXN_26" is loadless and has been removed.
*    Loadless block "XLXI_1/XLXI_5/XLXI_4/XLXI_5" (AND) removed.
*     The signal "XLXI_1/XLXI_5/XLXI_4/XLXN_10" is loadless and has been removed.
*      Loadless block "XLXI_1/XLXI_5/XLXI_4/XLXI_1/XLXI_1/XLXI_10" (AND) removed.
*       The signal "XLXI_1/XLXI_5/XLXI_4/XLXI_1/XLXN_30" is loadless and has been
removed.
*        Loadless block "XLXI_1/XLXI_5/XLXI_4/XLXI_1/XLXI_4" (AND) removed.
*         The signal "XLXI_1/XLXI_5/XLXI_4/XLXI_1/XLXN_17" is loadless and has been
removed.
*          Loadless block "XLXI_1/XLXI_5/XLXI_4/XLXI_1/XLXI_3" (BUF) removed.
*   The signal "XLXI_1/XLXI_5/XLXI_4/XLXN_25" is loadless and has been removed.
*    Loadless block "XLXI_1/XLXI_5/XLXI_4/XLXI_4" (AND) removed.
*     The signal "XLXI_1/XLXI_5/XLXI_4/XLXN_11" is loadless and has been removed.
*      Loadless block "XLXI_1/XLXI_5/XLXI_4/XLXI_1/XLXI_1/XLXI_9" (AND) removed.
*       The signal "XLXI_1/XLXI_5/XLXI_4/XLXI_1/XLXI_1/XLXN_8" is loadless and has been
removed.
*        Loadless block "XLXI_1/XLXI_5/XLXI_4/XLXI_1/XLXI_1/XLXI_1" (BUF) removed.
*   The signal "XLXI_1/XLXI_5/XLXI_4/XLXN_24" is loadless and has been removed.
*    Loadless block "XLXI_1/XLXI_5/XLXI_4/XLXI_3" (AND) removed.
*     The signal "XLXI_1/XLXI_5/XLXI_4/XLXN_12" is loadless and has been removed.
*      Loadless block "XLXI_1/XLXI_5/XLXI_4/XLXI_1/XLXI_1/XLXI_8" (AND) removed.
*       The signal "XLXI_1/XLXI_5/XLXI_4/XLXI_1/XLXI_1/XLXN_4" is loadless and has been
removed.
*        Loadless block "XLXI_1/XLXI_5/XLXI_4/XLXI_1/XLXI_1/XLXI_2" (BUF) removed.
*   The signal "XLXI_1/XLXI_5/XLXI_4/XLXN_23" is loadless and has been removed.
*    Loadless block "XLXI_1/XLXI_5/XLXI_4/XLXI_2" (AND) removed.
*     The signal "XLXI_1/XLXI_5/XLXI_4/XLXN_2" is loadless and has been removed.
*      Loadless block "XLXI_1/XLXI_5/XLXI_4/XLXI_1/XLXI_1/XLXI_7" (AND) removed.
                                         The signal "XLXI_1/XLXI_3/XLXI_3/XLXN_5" is loadless and has been removed.
                                          Loadless block "XLXI_1/XLXI_3/XLXI_3/XLXI_1" (AND) removed.
                                           The signal "XLXI_1/XLXI_3/XLXI_3/XLXN_1" is loadless and has been removed.
                                            Loadless block "XLXI_1/XLXI_3/XLXI_3/XLXI_4" (BUF) removed.
                                           The signal "XLXI_1/countplus<2>" is loadless and has been removed.
                                            Loadless block "XLXI_1/XLXI_30/XLXI_3/XLXI_4/XLXI_1" (XOR) removed.
                                             The signal "XLXI_1/XLXI_30/XLXI_3/XLXN_2" is loadless and has been removed.
                                              Loadless block "XLXI_1/XLXI_30/XLXI_3/XLXI_1/XLXI_1" (XOR) removed.
                             The signal "XLXI_1/XLXI_3/XLXI_2/XLXN_5" is loadless and has been removed.
                              Loadless block "XLXI_1/XLXI_3/XLXI_2/XLXI_1" (AND) removed.
                               The signal "XLXI_1/XLXI_3/XLXI_2/XLXN_1" is loadless and has been removed.
                                Loadless block "XLXI_1/XLXI_3/XLXI_2/XLXI_4" (BUF) removed.
                               The signal "XLXI_1/countplus<1>" is loadless and has been removed.
                                Loadless block "XLXI_1/XLXI_30/XLXI_2/XLXI_4/XLXI_1" (XOR) removed.
                                 The signal "XLXI_1/XLXI_30/XLXI_2/XLXN_2" is loadless and has been removed.
                                  Loadless block "XLXI_1/XLXI_30/XLXI_2/XLXI_1/XLXI_1" (XOR) removed.
                 The signal "XLXI_1/XLXI_3/XLXI_1/XLXN_5" is loadless and has been removed.
                  Loadless block "XLXI_1/XLXI_3/XLXI_1/XLXI_1" (AND) removed.
                   The signal "XLXI_1/XLXI_3/XLXI_1/XLXN_1" is loadless and has been removed.
                    Loadless block "XLXI_1/XLXI_3/XLXI_1/XLXI_4" (BUF) removed.
                   The signal "XLXI_1/countplus<0>" is loadless and has been removed.
                    Loadless block "XLXI_1/XLXI_30/XLXI_1/XLXI_4/XLXI_1" (XOR) removed.
         The signal "XLXI_1/XLXI_30/XLXI_1/XLXN_7" is loadless and has been removed.
          Loadless block "XLXI_1/XLXI_30/XLXI_1/XLXI_1/XLXI_3" (AND) removed.
     The signal "XLXI_1/XLXI_30/XLXI_2/XLXN_7" is loadless and has been removed.
      Loadless block "XLXI_1/XLXI_30/XLXI_2/XLXI_1/XLXI_3" (AND) removed.
 The signal "XLXI_1/XLXI_30/XLXI_3/XLXN_7" is loadless and has been removed.
  Loadless block "XLXI_1/XLXI_30/XLXI_3/XLXI_1/XLXI_3" (AND) removed.
Loadless block "XLXI_1/XLXI_7/XLXI_1/XLXI_5" (OR) removed.
 The signal "XLXI_1/XLXI_7/XLXI_1/XLXN_6" is loadless and has been removed.
  Loadless block "XLXI_1/XLXI_7/XLXI_1/XLXI_4/XLXI_3" (AND) removed.
 The signal "XLXI_1/XLXI_7/XLXI_1/XLXN_7" is loadless and has been removed.
  Loadless block "XLXI_1/XLXI_7/XLXI_1/XLXI_1/XLXI_3" (AND) removed.
Loadless block "XLXI_2/XLXI_1" (BUF) removed.
Loadless block "XLXI_2/XLXI_2" (BUF) removed.
Loadless block "XLXI_2/XLXI_3" (BUF) removed.
Loadless block "XLXI_2/XLXI_4" (BUF) removed.
Loadless block "XLXI_3/XLXI_1" (BUF) removed.
Loadless block "XLXI_3/XLXI_2" (BUF) removed.
Loadless block "XLXI_3/XLXI_3" (BUF) removed.
Loadless block "XLXI_3/XLXI_4" (BUF) removed.
Loadless block "XLXI_4/XLXI_1" (BUF) removed.
Loadless block "XLXI_4/XLXI_2" (BUF) removed.
Loadless block "XLXI_4/XLXI_3" (BUF) removed.
Loadless block "XLXI_4/XLXI_4" (BUF) removed.
Loadless block "XLXI_5/XLXI_1" (BUF) removed.
Loadless block "XLXI_5/XLXI_2" (BUF) removed.
Loadless block "XLXI_5/XLXI_3" (BUF) removed.
Loadless block "XLXI_5/XLXI_4" (BUF) removed.
The signal "XLXI_1/XLXI_6/XLXI_4/XLXI_11/dummy" is sourceless and has been
removed.
The signal "XLXI_1/XLXI_6/XLXI_5/XLXI_11/dummy" is sourceless and has been
removed.
The signal "XLXI_1/XLXI_6/XLXI_6/XLXI_11/dummy" is sourceless and has been
removed.
The signal "XLXI_1/XLXI_6/XLXI_7/XLXI_11/dummy" is sourceless and has been
removed.
The signal "XLXI_1/XLXI_5/XLXI_4/XLXI_11/dummy" is sourceless and has been
removed.
The signal "XLXI_1/XLXI_5/XLXI_5/XLXI_11/dummy" is sourceless and has been
removed.
The signal "XLXI_1/XLXI_5/XLXI_6/XLXI_11/dummy" is sourceless and has been
removed.
The signal "XLXI_1/XLXI_5/XLXI_7/XLXI_11/dummy" is sourceless and has been
removed.
The signal "XLXI_1/XLXI_1/XLXI_7/XLXI_1/dummy" is sourceless and has been
removed.
Unused block "XLXI_1/XLXI_1/XLXI_7/XLXI_1/XST_GND" (ZERO) removed.
Unused block "XLXI_1/XLXI_5/XLXI_4/XLXI_11/XST_GND" (ZERO) removed.
Unused block "XLXI_1/XLXI_5/XLXI_5/XLXI_11/XST_GND" (ZERO) removed.
Unused block "XLXI_1/XLXI_5/XLXI_6/XLXI_11/XST_GND" (ZERO) removed.
Unused block "XLXI_1/XLXI_5/XLXI_7/XLXI_11/XST_GND" (ZERO) removed.
Unused block "XLXI_1/XLXI_6/XLXI_4/XLXI_11/XST_GND" (ZERO) removed.
Unused block "XLXI_1/XLXI_6/XLXI_5/XLXI_11/XST_GND" (ZERO) removed.
Unused block "XLXI_1/XLXI_6/XLXI_6/XLXI_11/XST_GND" (ZERO) removed.
Unused block "XLXI_1/XLXI_6/XLXI_7/XLXI_11/XST_GND" (ZERO) removed.
