--------------------------------------------------------------------------------
Release 14.7 Trace  (nt64)
Copyright (c) 1995-2013 Xilinx, Inc.  All rights reserved.

C:\Xilinx\14.7\ISE_DS\ISE\bin\nt64\unwrapped\trce.exe -intstyle ise -v 3 -s 4
-n 3 -fastpaths -xml ProgramRom.twx ProgramRom.ncd -o ProgramRom.twr
ProgramRom.pcf

Design file:              ProgramRom.ncd
Physical constraint file: ProgramRom.pcf
Device,package,speed:     xc3s100e,cp132,-4 (PRODUCTION 1.27 2013-10-13)
Report level:             verbose report

Environment Variable      Effect 
--------------------      ------ 
NONE                      No environment variables were set
--------------------------------------------------------------------------------

INFO:Timing:2698 - No timing constraints found, doing default enumeration.
INFO:Timing:3412 - To improve timing, see the Timing Closure User Guide (UG612).
INFO:Timing:2752 - To get complete path coverage, use the unconstrained paths 
   option. All paths that are not constrained will be reported in the 
   unconstrained paths section(s) of the report.
INFO:Timing:3339 - The clock-to-out numbers in this timing report are based on 
   a 50 Ohm transmission line loading model.  For the details of this model, 
   and for more information on accounting for different loading conditions, 
   please see the device datasheet.
INFO:Timing:3390 - This architecture does not support a default System Jitter 
   value, please add SYSTEM_JITTER constraint to the UCF to modify the Clock 
   Uncertainty calculation.
INFO:Timing:3389 - This architecture does not support 'Discrete Jitter' and 
   'Phase Error' calculations, these terms will be zero in the Clock 
   Uncertainty calculation.  Please make appropriate modification to 
   SYSTEM_JITTER to account for the unsupported Discrete Jitter and Phase 
   Error.



Data Sheet report:
-----------------
All values displayed in nanoseconds (ns)

Pad to Pad
---------------+---------------+---------+
Source Pad     |Destination Pad|  Delay  |
---------------+---------------+---------+
A<0>           |R<0>           |    6.403|
A<0>           |R<1>           |    6.792|
A<0>           |R<2>           |    6.555|
A<0>           |R<4>           |    7.164|
A<0>           |R<5>           |    7.440|
A<0>           |R<7>           |    6.478|
A<0>           |R<8>           |    7.158|
A<0>           |R<10>          |    7.690|
A<0>           |R<11>          |    7.272|
A<1>           |R<0>           |    6.882|
A<1>           |R<1>           |    7.134|
A<1>           |R<2>           |    7.275|
A<1>           |R<4>           |    6.929|
A<1>           |R<5>           |    7.205|
A<1>           |R<7>           |    6.780|
A<1>           |R<8>           |    7.843|
A<1>           |R<10>          |    7.493|
A<1>           |R<11>          |    7.914|
A<2>           |R<0>           |    7.381|
A<2>           |R<1>           |    7.582|
A<2>           |R<2>           |    7.194|
A<2>           |R<4>           |    6.137|
A<2>           |R<5>           |    6.413|
A<2>           |R<7>           |    7.293|
A<2>           |R<8>           |    7.822|
A<2>           |R<10>          |    6.694|
A<2>           |R<11>          |    8.100|
---------------+---------------+---------+


Analysis completed Thu Dec 08 15:24:24 2016 
--------------------------------------------------------------------------------

Trace Settings:
-------------------------
Trace Settings 

Peak Memory Usage: 159 MB



