#-----------------------------------------------------------
# PlanAhead v14.7 (64-bit)
# Build 321239 by xbuild on Fri Sep 27 19:29:51 MDT 2013
# Start of session at: Tue Dec 13 01:08:29 2016
# Process ID: 8612
# Log file: G:/New folder/Lab9_10/planAhead_run_1/planAhead.log
# Journal file: G:/New folder/Lab9_10/planAhead_run_1/planAhead.jou
#-----------------------------------------------------------
INFO: [Common 17-78] Attempting to get a license: PlanAhead
INFO: [Common 17-290] Got license for PlanAhead
INFO: [Device 21-36] Loading parts and site information from C:/Xilinx/14.7/ISE_DS/PlanAhead/data/parts/arch.xml
Parsing RTL primitives file [C:/Xilinx/14.7/ISE_DS/PlanAhead/data/parts/xilinx/rtl/prims/rtl_prims.xml]
Finished parsing RTL primitives file [C:/Xilinx/14.7/ISE_DS/PlanAhead/data/parts/xilinx/rtl/prims/rtl_prims.xml]
start_gui
source {G:/New folder/Lab9_10/pa.fromNetlist.tcl}
# create_project -name Lab9_10 -dir "G:/New folder/Lab9_10/planAhead_run_1" -part xc3s100ecp132-4
create_project: Time (s): elapsed = 00:00:05 . Memory (MB): peak = 468.828 ; gain = 69.840
# set_property design_mode GateLvl [get_property srcset [current_run -impl]]
# set_property edif_top_file "G:/New folder/Lab9_10/NanoProcessor.ngc" [ get_property srcset [ current_run ] ]
# add_files -norecurse { {G:/New folder/Lab9_10} }
# set_param project.pinAheadLayout  yes
# set_property target_constrs_file "NanoProcessor.ucf" [current_fileset -constrset]
Adding file 'G:/New folder/Lab9_10/NanoProcessor.ucf' to fileset 'constrs_1'
# add_files [list {NanoProcessor.ucf}] -fileset [get_property constrset [current_run]]
# link_design
Design is defaulting to srcset: sources_1
Design is defaulting to constrset: constrs_1
Design is defaulting to project part: xc3s100ecp132-4
Release 14.7 - ngc2edif P.20131013 (nt64)
Copyright (c) 1995-2013 Xilinx, Inc.  All rights reserved.
Reading design NanoProcessor.ngc ...
WARNING:NetListWriters:298 - No output is written to NanoProcessor.xncf,
   ignored.
Processing design ...
   Preping design's networks ...
   Preping design's macros ...
  finished :Prep
Writing EDIF netlist file NanoProcessor.edif ...
ngc2edif: Total memory usage is 88936 kilobytes

Parsing EDIF File [./planAhead_run_1/Lab9_10.data/cache/NanoProcessor_ngc_zx.edif]
Finished Parsing EDIF File [./planAhead_run_1/Lab9_10.data/cache/NanoProcessor_ngc_zx.edif]
CRITICAL WARNING: [Designutils 20-1022] Could not resolve non-primitive black box cell 'FMAP' instantiated in module 'XLXI_6/XLXI_7/XLXI_11/I_36_91'.
Resolution: File names need to match cell names: an EDIF definition will be found in FMAP.edf; a HDL definition may be placed in any Verilog/VHDL file.
INFO: [Designutils 20-910] Reading macro library C:/Xilinx/14.7/ISE_DS/PlanAhead/data\./parts/xilinx/spartan3e/spartan3e/hd_int_macros.edn
Parsing EDIF File [C:/Xilinx/14.7/ISE_DS/PlanAhead/data\./parts/xilinx/spartan3e/spartan3e/hd_int_macros.edn]
Finished Parsing EDIF File [C:/Xilinx/14.7/ISE_DS/PlanAhead/data\./parts/xilinx/spartan3e/spartan3e/hd_int_macros.edn]
Loading clock regions from C:/Xilinx/14.7/ISE_DS/PlanAhead/data\parts/xilinx/spartan3e/spartan3e/xc3s100e/ClockRegion.xml
Loading clock buffers from C:/Xilinx/14.7/ISE_DS/PlanAhead/data\parts/xilinx/spartan3e/spartan3e/xc3s100e/ClockBuffers.xml
Loading package from C:/Xilinx/14.7/ISE_DS/PlanAhead/data\parts/xilinx/spartan3e/spartan3e/xc3s100e/cp132/Package.xml
Loading io standards from C:/Xilinx/14.7/ISE_DS/PlanAhead/data\./parts/xilinx/spartan3e/IOStandards.xml
INFO: [Device 21-19] Loading pkg sso from C:/Xilinx/14.7/ISE_DS/PlanAhead/data\parts/xilinx/spartan3e/spartan3e/xc3s100e/cp132/SSORules.xml
Loading list of drcs for the architecture : C:/Xilinx/14.7/ISE_DS/PlanAhead/data\./parts/xilinx/spartan3e/spartan3e/drc.xml
INFO: [Timing 38-77] Reading timing library C:/Xilinx/14.7/ISE_DS/PlanAhead/data\parts/xilinx/spartan3e/spartan3e/spartan3e-4.lib.
INFO: [Timing 38-34] Done reading timing library C:/Xilinx/14.7/ISE_DS/PlanAhead/data\parts/xilinx/spartan3e/spartan3e/spartan3e-4.lib.
Parsing UCF File [G:/New folder/Lab9_10/NanoProcessor.ucf]
CRITICAL WARNING: [Constraints 18-11] Could not find net 'clk2' [G:/New folder/Lab9_10/NanoProcessor.ucf:5]
Finished Parsing UCF File [G:/New folder/Lab9_10/NanoProcessor.ucf]
INFO: [Designutils 20-20] Invalid constraints found, use command 'write_ucf -constraints invalid <file>' to save all the invalid constraints to a file
INFO: [Project 1-111] Unisim Transformation Summary:
No Unisim elements were transformed.

Phase 0 | Netlist Checksum: 751c375d
link_design: Time (s): elapsed = 00:00:12 . Memory (MB): peak = 576.551 ; gain = 107.191
exit
ERROR: [PlanAhead 12-106] *** Exception: ui.h.b: Found deleted key in HTclEventBroker. Verify if the classes listed here call cleanup()
HTclEvent: SIGNAL_BUS_MODIFY   Classes: ui.views.aR 
HTclEvent: DEBUG_CORE_CONFIG_CHANGE   Classes: ui.views.aR 
HTclEvent: DEBUG_PORT_CONFIG_CHANGE   Classes: ui.views.aR 
HTclEvent: SIGNAL_MODIFY   Classes: ui.views.aR 
 (See G:/New folder/Lab9_10\planAhead_pid8612.debug)
ERROR: [Common 17-39] 'stop_gui' failed due to earlier errors.
INFO: [Common 17-206] Exiting PlanAhead at Tue Dec 13 01:09:42 2016...
INFO: [Common 17-83] Releasing license: PlanAhead
